2017-11-22 02:22:14,007 : Configuration 0 Olympus : Generated Signature keys for clients
2017-11-22 02:22:14,007 : Configuration 0 Olympus : Generated Signature keys for replicas
2017-11-22 02:22:14,273 : Parent Client : Final Results check passed for Client : 1
2017-11-22 02:22:14,295 : Configuration 0 Olympus received reconfig req from replica2 and sent the wedged request to replicas 
2017-11-22 02:22:14,307 : Configuration 0 Olympus received wedged statement from replica  1 with history {0: ["put('movie','star')", 0, 0], 1: ["put('jedi,'luke skywalker)", 1, 0], 2: ["append('movie',' wars')", 0, 1], 3: ["slice('jedi','0:4')", 1, 1], 4: ['', 0, 2]}
2017-11-22 02:22:14,307 : Configuration 0 Olympus received wedged statement from replica  2 with history {0: ["put('movie','star')", 0, 0], 1: ["put('jedi,'luke skywalker)", 1, 0], 2: ["append('movie',' wars')", 0, 1], 3: ["slice('jedi','0:4')", 1, 1], 4: ["get('x')", 0, 2]}
2017-11-22 02:22:14,311 : Configuration 0 Olympus received wedged statement from replica  4 with history {0: ["put('movie','star')", 0, 0], 1: ["put('jedi,'luke skywalker)", 1, 0], 2: ["append('movie',' wars')", 0, 1], 3: ["slice('jedi','0:4')", 1, 1]}
2017-11-22 02:22:14,311 : Configuration 0 Olympus :enter history is {1: {0: ["put('movie','star')", 0, 0], 1: ["put('jedi,'luke skywalker)", 1, 0], 2: ["append('movie',' wars')", 0, 1], 3: ["slice('jedi','0:4')", 1, 1], 4: ['', 0, 2]}, 2: {0: ["put('movie','star')", 0, 0], 1: ["put('jedi,'luke skywalker)", 1, 0], 2: ["append('movie',' wars')", 0, 1], 3: ["slice('jedi','0:4')", 1, 1], 4: ["get('x')", 0, 2]}, 4: {0: ["put('movie','star')", 0, 0], 1: ["put('jedi,'luke skywalker)", 1, 0], 2: ["append('movie',' wars')", 0, 1], 3: ["slice('jedi','0:4')", 1, 1]}}
2017-11-22 02:22:14,311 : Configuration 0 Olympus received wedged statement from replica  0 with history {0: ["put('movie','star')", 0, 0], 1: ["put('jedi,'luke skywalker)", 1, 0], 2: ["append('movie',' wars')", 0, 1], 3: ["slice('jedi','0:4')", 1, 1], 4: ['', 0, 2]}
2017-11-22 02:22:14,315 : Configuration 0 Olympus received reconfig req from replica3 and sent the wedged request to replicas 
2017-11-22 02:22:14,319 : Configuration 0 Olympus received wedged statement from replica  3 with history {0: ["put('movie','star')", 0, 0], 1: ["put('jedi,'luke skywalker)", 1, 0], 2: ["append('movie',' wars')", 0, 1], 3: ["slice('jedi','0:4')", 1, 1], 4: ["get('x')", 0, 2]}
2017-11-22 02:22:15,324 : replica  0 with history {0: ["put('movie','star')", 0, 0], 1: ["put('jedi,'luke skywalker)", 1, 0], 2: ["append('movie',' wars')", 0, 1], 3: ["slice('jedi','0:4')", 1, 1], 4: ['', 0, 2]}
2017-11-22 02:22:15,324 : replica  1 with history {0: ["put('movie','star')", 0, 0], 1: ["put('jedi,'luke skywalker)", 1, 0], 2: ["append('movie',' wars')", 0, 1], 3: ["slice('jedi','0:4')", 1, 1], 4: ['', 0, 2]}
2017-11-22 02:22:15,340 : replica  2 with history {0: ["put('movie','star')", 0, 0], 1: ["put('jedi,'luke skywalker)", 1, 0], 2: ["append('movie',' wars')", 0, 1], 3: ["slice('jedi','0:4')", 1, 1], 4: ["get('x')", 0, 2]}
2017-11-22 02:22:15,340 : Configuration 0 Olympus :lh calculated 
2017-11-22 02:22:15,340 : Configuration 0longest history of comb (<replica:ed007>, <replica:ed008>, <replica:ed004>) is {0: ["put('movie','star')", 0, 0], 1: ["put('jedi,'luke skywalker)", 1, 0], 2: ["append('movie',' wars')", 0, 1], 3: ["slice('jedi','0:4')", 1, 1], 4: ['', 0, 2]}
2017-11-22 02:22:15,340 : catchup of replica 1is {}
2017-11-22 02:22:15,355 : Configuration 0 Olympus sent catch up msg  1
2017-11-22 02:22:15,355 : catchup of replica 4is {4: ['', 0, 2]}
2017-11-22 02:22:15,355 : Configuration 0 Olympus sent catch up msg  4
2017-11-22 02:22:15,355 : catchup of replica 0is {}
2017-11-22 02:22:15,355 : Configuration 0 Olympus sent catch up msg  0
2017-11-22 02:22:15,355 : replica  3 with history {0: ["put('movie','star')", 0, 0], 1: ["put('jedi,'luke skywalker)", 1, 0], 2: ["append('movie',' wars')", 0, 1], 3: ["slice('jedi','0:4')", 1, 1], 4: ["get('x')", 0, 2]}
2017-11-22 02:22:15,355 : replica  4 with history {0: ["put('movie','star')", 0, 0], 1: ["put('jedi,'luke skywalker)", 1, 0], 2: ["append('movie',' wars')", 0, 1], 3: ["slice('jedi','0:4')", 1, 1]}
2017-11-22 02:22:15,355 : replica  0 with history {0: ["put('movie','star')", 0, 0], 1: ["put('jedi,'luke skywalker)", 1, 0], 2: ["append('movie',' wars')", 0, 1], 3: ["slice('jedi','0:4')", 1, 1], 4: ['', 0, 2]}
2017-11-22 02:22:15,355 : replica  1 with history {0: ["put('movie','star')", 0, 0], 1: ["put('jedi,'luke skywalker)", 1, 0], 2: ["append('movie',' wars')", 0, 1], 3: ["slice('jedi','0:4')", 1, 1], 4: ['', 0, 2]}
2017-11-22 02:22:15,355 : replica  2 with history {0: ["put('movie','star')", 0, 0], 1: ["put('jedi,'luke skywalker)", 1, 0], 2: ["append('movie',' wars')", 0, 1], 3: ["slice('jedi','0:4')", 1, 1], 4: ["get('x')", 0, 2]}
2017-11-22 02:22:15,355 : replica  3 with history {0: ["put('movie','star')", 0, 0], 1: ["put('jedi,'luke skywalker)", 1, 0], 2: ["append('movie',' wars')", 0, 1], 3: ["slice('jedi','0:4')", 1, 1], 4: ["get('x')", 0, 2]}
2017-11-22 02:22:15,355 : replica  4 with history {0: ["put('movie','star')", 0, 0], 1: ["put('jedi,'luke skywalker)", 1, 0], 2: ["append('movie',' wars')", 0, 1], 3: ["slice('jedi','0:4')", 1, 1]}
2017-11-22 02:22:15,355 : replica  0 with history {0: ["put('movie','star')", 0, 0], 1: ["put('jedi,'luke skywalker)", 1, 0], 2: ["append('movie',' wars')", 0, 1], 3: ["slice('jedi','0:4')", 1, 1], 4: ['', 0, 2]}
2017-11-22 02:22:15,371 : replica  1 with history {0: ["put('movie','star')", 0, 0], 1: ["put('jedi,'luke skywalker)", 1, 0], 2: ["append('movie',' wars')", 0, 1], 3: ["slice('jedi','0:4')", 1, 1], 4: ['', 0, 2]}
2017-11-22 02:22:15,371 : replica  2 with history {0: ["put('movie','star')", 0, 0], 1: ["put('jedi,'luke skywalker)", 1, 0], 2: ["append('movie',' wars')", 0, 1], 3: ["slice('jedi','0:4')", 1, 1], 4: ["get('x')", 0, 2]}
2017-11-22 02:22:15,371 : replica  3 with history {0: ["put('movie','star')", 0, 0], 1: ["put('jedi,'luke skywalker)", 1, 0], 2: ["append('movie',' wars')", 0, 1], 3: ["slice('jedi','0:4')", 1, 1], 4: ["get('x')", 0, 2]}
2017-11-22 02:22:15,371 : replica  4 with history {0: ["put('movie','star')", 0, 0], 1: ["put('jedi,'luke skywalker)", 1, 0], 2: ["append('movie',' wars')", 0, 1], 3: ["slice('jedi','0:4')", 1, 1]}
2017-11-22 02:22:15,371 : replica  0 with history {0: ["put('movie','star')", 0, 0], 1: ["put('jedi,'luke skywalker)", 1, 0], 2: ["append('movie',' wars')", 0, 1], 3: ["slice('jedi','0:4')", 1, 1], 4: ['', 0, 2]}
2017-11-22 02:22:15,371 : replica  1 with history {0: ["put('movie','star')", 0, 0], 1: ["put('jedi,'luke skywalker)", 1, 0], 2: ["append('movie',' wars')", 0, 1], 3: ["slice('jedi','0:4')", 1, 1], 4: ['', 0, 2]}
2017-11-22 02:22:15,371 : replica  2 with history {0: ["put('movie','star')", 0, 0], 1: ["put('jedi,'luke skywalker)", 1, 0], 2: ["append('movie',' wars')", 0, 1], 3: ["slice('jedi','0:4')", 1, 1], 4: ["get('x')", 0, 2]}
2017-11-22 02:22:15,371 : replica  3 with history {0: ["put('movie','star')", 0, 0], 1: ["put('jedi,'luke skywalker)", 1, 0], 2: ["append('movie',' wars')", 0, 1], 3: ["slice('jedi','0:4')", 1, 1], 4: ["get('x')", 0, 2]}
2017-11-22 02:22:15,371 : replica  4 with history {0: ["put('movie','star')", 0, 0], 1: ["put('jedi,'luke skywalker)", 1, 0], 2: ["append('movie',' wars')", 0, 1], 3: ["slice('jedi','0:4')", 1, 1]}
2017-11-22 02:22:15,371 : Configuration 0 Olympus received caught_up_res from replica  1
2017-11-22 02:22:15,371 : Configuration 0 Olympus ckient_rs is {0: [[b'9a04c8626d7156fcee16c1b7e52e04ead2e720da2c160a01f9d4637e6a0f3ccc', b'736c696365206f6b', 4, 2]], 1: [[b'9a04c8626d7156fcee16c1b7e52e04ead2e720da2c160a01f9d4637e6a0f3ccc', b'736c696365206f6b', 3, 1]]} from replica 1
2017-11-22 02:22:15,371 : Configuration 0 Olympus received caught_up_res from replica  4
2017-11-22 02:22:15,371 : Configuration 0 Olympus ckient_rs is {0: [[b'9a04c8626d7156fcee16c1b7e52e04ead2e720da2c160a01f9d4637e6a0f3ccc', b'736c696365206f6b', 4, 2], [b'9a04c8626d7156fcee16c1b7e52e04ead2e720da2c160a01f9d4637e6a0f3ccc', b'736c696365206f6b', 4, 2]], 1: [[b'9a04c8626d7156fcee16c1b7e52e04ead2e720da2c160a01f9d4637e6a0f3ccc', b'736c696365206f6b', 3, 1], [b'9a04c8626d7156fcee16c1b7e52e04ead2e720da2c160a01f9d4637e6a0f3ccc', b'736c696365206f6b', 3, 1]]} from replica 4
2017-11-22 02:22:15,371 : Configuration 0 Olympus received caught_up_res from replica  0
2017-11-22 02:22:15,371 : Configuration 0 Olympus ckient_rs is {0: [[b'9a04c8626d7156fcee16c1b7e52e04ead2e720da2c160a01f9d4637e6a0f3ccc', b'736c696365206f6b', 4, 2], [b'9a04c8626d7156fcee16c1b7e52e04ead2e720da2c160a01f9d4637e6a0f3ccc', b'736c696365206f6b', 4, 2], [b'9a04c8626d7156fcee16c1b7e52e04ead2e720da2c160a01f9d4637e6a0f3ccc', b'736c696365206f6b', 4, 2]], 1: [[b'9a04c8626d7156fcee16c1b7e52e04ead2e720da2c160a01f9d4637e6a0f3ccc', b'736c696365206f6b', 3, 1], [b'9a04c8626d7156fcee16c1b7e52e04ead2e720da2c160a01f9d4637e6a0f3ccc', b'736c696365206f6b', 3, 1], [b'9a04c8626d7156fcee16c1b7e52e04ead2e720da2c160a01f9d4637e6a0f3ccc', b'736c696365206f6b', 3, 1]]} from replica 0
2017-11-22 02:22:15,371 : Configuration 0 Olympus dict keys are [1, 4, 0]
2017-11-22 02:22:15,371 : Configuration 0 Olympus {'movie': 'star wars', 'jedi': 'luke'};{'movie': 'star wars', 'jedi': 'luke'}
2017-11-22 02:22:15,371 : Configuration 0 Olympus {'movie': 'star wars', 'jedi': 'luke'};{'movie': 'star wars', 'jedi': 'luke'}
2017-11-22 02:22:15,371 : Configuration 0 Olympus caught_up_res matched for quorum
2017-11-22 02:22:15,386 : <replica:ed007>   [<replica:ed004>, <replica:ed007>, <replica:ed006>, <replica:ed005>, <replica:ed008>]
2017-11-22 02:22:15,386 : Configuration 0 Olympus received get_running_state_res from replica  1lh rep is 1
2017-11-22 02:22:15,386 : Configuration 0 Olympus received get_running_state_res from replica  1 and they macthed
2017-11-22 02:22:17,353 : Configuration 1 Olympus : new replicas created
2017-11-22 02:22:17,353 : Configuration 1 Olympus : Generated Signature keys for new replicas
2017-11-22 02:22:17,400 : Configuration 1 Olympus : Setup  and started new replicas + client_rs{0: [[b'9a04c8626d7156fcee16c1b7e52e04ead2e720da2c160a01f9d4637e6a0f3ccc', b'736c696365206f6b', 4, 2], [b'9a04c8626d7156fcee16c1b7e52e04ead2e720da2c160a01f9d4637e6a0f3ccc', b'736c696365206f6b', 4, 2], [b'9a04c8626d7156fcee16c1b7e52e04ead2e720da2c160a01f9d4637e6a0f3ccc', b'736c696365206f6b', 4, 2]], 1: [[b'9a04c8626d7156fcee16c1b7e52e04ead2e720da2c160a01f9d4637e6a0f3ccc', b'736c696365206f6b', 3, 1], [b'9a04c8626d7156fcee16c1b7e52e04ead2e720da2c160a01f9d4637e6a0f3ccc', b'736c696365206f6b', 3, 1], [b'9a04c8626d7156fcee16c1b7e52e04ead2e720da2c160a01f9d4637e6a0f3ccc', b'736c696365206f6b', 3, 1]]}
2017-11-22 02:22:17,400 : Configuration 1 Olympus :  new replicas info sent to client
2017-11-22 02:22:17,400 : Configuration 1 Olympus :  new replicas info sent to client
2017-11-22 02:22:17,416 : Parent Client : Final Results check passed for Client : 0
