2017-11-22 02:24:28,549 : Configuration 0 Olympus : Generated Signature keys for clients
2017-11-22 02:24:28,549 : Configuration 0 Olympus : Generated Signature keys for replicas
2017-11-22 02:24:28,752 : Configuration 0 Olympus received reconfig req from replica1 and sent the wedged request to replicas 
2017-11-22 02:24:28,768 : Configuration 0 Olympus received wedged statement from replica  4 with history {0: ["put('movie','star')", 0, 0], 1: ["put('jedi,'luke skywalker)", 1, 0]}
2017-11-22 02:24:28,768 : Configuration 0 Olympus received wedged statement from replica  0 with history {0: ["put('movie','star')", 0, 0], 1: ["put('jedi,'luke skywalker)", 1, 0], 2: ["append('movie',' wars')", 0, 1], 3: ["slice('jedi','0:4')", 1, 1]}
2017-11-22 02:24:28,768 : Configuration 0 Olympus received wedged statement from replica  1 with history {0: ["put('movie','star')", 0, 0], 1: ["put('jedi,'luke skywalker)", 1, 0], 2: ["get('x')", 0, 1]}
2017-11-22 02:24:28,768 : Configuration 0 Olympus :enter history is {4: {0: ["put('movie','star')", 0, 0], 1: ["put('jedi,'luke skywalker)", 1, 0]}, 0: {0: ["put('movie','star')", 0, 0], 1: ["put('jedi,'luke skywalker)", 1, 0], 2: ["append('movie',' wars')", 0, 1], 3: ["slice('jedi','0:4')", 1, 1]}, 1: {0: ["put('movie','star')", 0, 0], 1: ["put('jedi,'luke skywalker)", 1, 0], 2: ["get('x')", 0, 1]}}
2017-11-22 02:24:28,768 : Configuration 0 Olympus received reconfig req from replica2 and sent the wedged request to replicas 
2017-11-22 02:24:28,768 : Configuration 0 Olympus received wedged statement from replica  2 with history {0: ["put('movie','star')", 0, 0], 1: ["put('jedi,'luke skywalker)", 1, 0], 2: ["get('x')", 0, 1]}
2017-11-22 02:24:28,783 : Configuration 0 Olympus received wedged statement from replica  3 with history {0: ["put('movie','star')", 0, 0], 1: ["put('jedi,'luke skywalker)", 1, 0]}
2017-11-22 02:24:29,802 : replica  0 with history {0: ["put('movie','star')", 0, 0], 1: ["put('jedi,'luke skywalker)", 1, 0], 2: ["append('movie',' wars')", 0, 1], 3: ["slice('jedi','0:4')", 1, 1]}
2017-11-22 02:24:29,817 : replica  1 with history {0: ["put('movie','star')", 0, 0], 1: ["put('jedi,'luke skywalker)", 1, 0], 2: ["get('x')", 0, 1]}
2017-11-22 02:24:29,817 : Configuration 0 Olympus :lh calculated 
2017-11-22 02:24:29,833 : Configuration 0longest history of comb (<replica:18008>, <replica:18005>, <replica:18006>) is {0: ["put('movie','star')", 0, 0], 1: ["put('jedi,'luke skywalker)", 1, 0], 2: ["append('movie',' wars')", 0, 1], 3: ["slice('jedi','0:4')", 1, 1]}
2017-11-22 02:24:29,833 : catchup of replica 4is {2: ["append('movie',' wars')", 0, 1], 3: ["slice('jedi','0:4')", 1, 1]}
2017-11-22 02:24:29,833 : Configuration 0 Olympus sent catch up msg  4
2017-11-22 02:24:29,833 : catchup of replica 0is {}
2017-11-22 02:24:29,833 : Configuration 0 Olympus sent catch up msg  0
2017-11-22 02:24:29,833 : catchup of replica 3is {2: ["append('movie',' wars')", 0, 1], 3: ["slice('jedi','0:4')", 1, 1]}
2017-11-22 02:24:29,833 : Configuration 0 Olympus sent catch up msg  3
2017-11-22 02:24:29,833 : replica  2 with history {0: ["put('movie','star')", 0, 0], 1: ["put('jedi,'luke skywalker)", 1, 0], 2: ["get('x')", 0, 1]}
2017-11-22 02:24:29,833 : replica  3 with history {0: ["put('movie','star')", 0, 0], 1: ["put('jedi,'luke skywalker)", 1, 0]}
2017-11-22 02:24:29,833 : replica  4 with history {0: ["put('movie','star')", 0, 0], 1: ["put('jedi,'luke skywalker)", 1, 0]}
2017-11-22 02:24:29,833 : replica  0 with history {0: ["put('movie','star')", 0, 0], 1: ["put('jedi,'luke skywalker)", 1, 0], 2: ["append('movie',' wars')", 0, 1], 3: ["slice('jedi','0:4')", 1, 1]}
2017-11-22 02:24:29,833 : replica  1 with history {0: ["put('movie','star')", 0, 0], 1: ["put('jedi,'luke skywalker)", 1, 0], 2: ["get('x')", 0, 1]}
2017-11-22 02:24:29,833 : replica  2 with history {0: ["put('movie','star')", 0, 0], 1: ["put('jedi,'luke skywalker)", 1, 0], 2: ["get('x')", 0, 1]}
2017-11-22 02:24:29,849 : replica  3 with history {0: ["put('movie','star')", 0, 0], 1: ["put('jedi,'luke skywalker)", 1, 0]}
2017-11-22 02:24:29,849 : replica  4 with history {0: ["put('movie','star')", 0, 0], 1: ["put('jedi,'luke skywalker)", 1, 0]}
2017-11-22 02:24:29,849 : replica  0 with history {0: ["put('movie','star')", 0, 0], 1: ["put('jedi,'luke skywalker)", 1, 0], 2: ["append('movie',' wars')", 0, 1], 3: ["slice('jedi','0:4')", 1, 1]}
2017-11-22 02:24:29,849 : replica  1 with history {0: ["put('movie','star')", 0, 0], 1: ["put('jedi,'luke skywalker)", 1, 0], 2: ["get('x')", 0, 1]}
2017-11-22 02:24:29,849 : replica  3 with history {0: ["put('movie','star')", 0, 0], 1: ["put('jedi,'luke skywalker)", 1, 0]}
2017-11-22 02:24:29,849 : replica  2 with history {0: ["put('movie','star')", 0, 0], 1: ["put('jedi,'luke skywalker)", 1, 0], 2: ["get('x')", 0, 1]}
2017-11-22 02:24:29,849 : replica  4 with history {0: ["put('movie','star')", 0, 0], 1: ["put('jedi,'luke skywalker)", 1, 0]}
2017-11-22 02:24:29,849 : Configuration 0 Olympus received caught_up_res from replica  4
2017-11-22 02:24:29,849 : Configuration 0 Olympus ckient_rs is {0: [[b'708ed9f7d319b62f952ef657c6fcf2819eaae1bb13d6302fc57ad467536d84c9', b'757064617465206f6b', 2, 1]], 1: [[b'9a04c8626d7156fcee16c1b7e52e04ead2e720da2c160a01f9d4637e6a0f3ccc', b'736c696365206f6b', 3, 1]]} from replica 4
2017-11-22 02:24:29,849 : Configuration 0 Olympus received caught_up_res from replica  3
2017-11-22 02:24:29,849 : Configuration 0 Olympus ckient_rs is {0: [[b'708ed9f7d319b62f952ef657c6fcf2819eaae1bb13d6302fc57ad467536d84c9', b'757064617465206f6b', 2, 1], [b'708ed9f7d319b62f952ef657c6fcf2819eaae1bb13d6302fc57ad467536d84c9', b'757064617465206f6b', 2, 1]], 1: [[b'9a04c8626d7156fcee16c1b7e52e04ead2e720da2c160a01f9d4637e6a0f3ccc', b'736c696365206f6b', 3, 1], [b'9a04c8626d7156fcee16c1b7e52e04ead2e720da2c160a01f9d4637e6a0f3ccc', b'736c696365206f6b', 3, 1]]} from replica 3
2017-11-22 02:24:29,849 : Configuration 0 Olympus received caught_up_res from replica  0
2017-11-22 02:24:29,849 : Configuration 0 Olympus ckient_rs is {0: [[b'708ed9f7d319b62f952ef657c6fcf2819eaae1bb13d6302fc57ad467536d84c9', b'757064617465206f6b', 2, 1], [b'708ed9f7d319b62f952ef657c6fcf2819eaae1bb13d6302fc57ad467536d84c9', b'757064617465206f6b', 2, 1], [b'708ed9f7d319b62f952ef657c6fcf2819eaae1bb13d6302fc57ad467536d84c9', b'757064617465206f6b', 2, 1]], 1: [[b'9a04c8626d7156fcee16c1b7e52e04ead2e720da2c160a01f9d4637e6a0f3ccc', b'736c696365206f6b', 3, 1], [b'9a04c8626d7156fcee16c1b7e52e04ead2e720da2c160a01f9d4637e6a0f3ccc', b'736c696365206f6b', 3, 1], [b'9a04c8626d7156fcee16c1b7e52e04ead2e720da2c160a01f9d4637e6a0f3ccc', b'736c696365206f6b', 3, 1]]} from replica 0
2017-11-22 02:24:29,864 : Configuration 0 Olympus dict keys are [4, 3, 0]
2017-11-22 02:24:29,864 : Configuration 0 Olympus {'movie': 'star wars', 'jedi': 'luke'};{'movie': 'star wars', 'jedi': 'luke'}
2017-11-22 02:24:29,864 : Configuration 0 Olympus {'movie': 'star wars', 'jedi': 'luke'};{'movie': 'star wars', 'jedi': 'luke'}
2017-11-22 02:24:29,864 : Configuration 0 Olympus caught_up_res matched for quorum
2017-11-22 02:24:29,864 : <replica:18008>   [<replica:18005>, <replica:18004>, <replica:18007>, <replica:18006>, <replica:18008>]
2017-11-22 02:24:29,864 : Configuration 0 Olympus received get_running_state_res from replica  4lh rep is 0
2017-11-22 02:24:29,864 : Configuration 0 Olympus received get_running_state_res from replica  4 and they macthed
2017-11-22 02:24:31,856 : Configuration 1 Olympus : new replicas created
2017-11-22 02:24:31,856 : Configuration 1 Olympus : Generated Signature keys for new replicas
2017-11-22 02:24:31,903 : Configuration 1 Olympus : Setup  and started new replicas + client_rs{0: [[b'708ed9f7d319b62f952ef657c6fcf2819eaae1bb13d6302fc57ad467536d84c9', b'757064617465206f6b', 2, 1], [b'708ed9f7d319b62f952ef657c6fcf2819eaae1bb13d6302fc57ad467536d84c9', b'757064617465206f6b', 2, 1], [b'708ed9f7d319b62f952ef657c6fcf2819eaae1bb13d6302fc57ad467536d84c9', b'757064617465206f6b', 2, 1]], 1: [[b'9a04c8626d7156fcee16c1b7e52e04ead2e720da2c160a01f9d4637e6a0f3ccc', b'736c696365206f6b', 3, 1], [b'9a04c8626d7156fcee16c1b7e52e04ead2e720da2c160a01f9d4637e6a0f3ccc', b'736c696365206f6b', 3, 1], [b'9a04c8626d7156fcee16c1b7e52e04ead2e720da2c160a01f9d4637e6a0f3ccc', b'736c696365206f6b', 3, 1]]}
2017-11-22 02:24:31,903 : Configuration 1 Olympus :  new replicas info sent to client
2017-11-22 02:24:31,903 : Configuration 1 Olympus :  new replicas info sent to client
2017-11-22 02:24:31,934 : Parent Client : Final Results check passed for Client : 1
2017-11-22 02:24:31,934 : Parent Client : Final Results check passed for Client : 0
