2017-11-22 02:24:28,627 : Client 0: Client 0 sent request number 0 opration put('movie','star') to replica 0
2017-11-22 02:24:28,627 : Client 1: Client 1 sent request number 0 opration put('jedi,'luke skywalker) to replica 0
2017-11-22 02:24:28,643 : Client 0: prec is 0 rec is 0
2017-11-22 02:24:28,643 : Client 1: prec is 0 rec is 0
2017-11-22 02:24:28,721 : Client 0:  tail to client signature success for rid +str(rid)
2017-11-22 02:24:28,721 : Client 0: Result validation success after receiving result from tail for rid 0
2017-11-22 02:24:28,721 : Client 0: Client 0 result arrived  for rid 0
2017-11-22 02:24:28,721 : Client 0: Client 0 sent request number 1 opration append('movie',' wars') to replica 0
2017-11-22 02:24:28,721 : Client 0: prec is 1 rec is 1
2017-11-22 02:24:28,736 : Client 1:  tail to client signature success for rid +str(rid)
2017-11-22 02:24:28,736 : Client 1: Result validation success after receiving result from tail for rid 0
2017-11-22 02:24:28,736 : Client 1: Client 1 result arrived  for rid 0
2017-11-22 02:24:28,736 : Client 1: Client 1 sent request number 1 opration slice('jedi','0:4') to replica 0
2017-11-22 02:24:28,736 : Client 1: prec is 1 rec is 1
2017-11-22 02:24:28,752 : Client 0: Client received wedged_client
2017-11-22 02:24:28,752 : Client 1: Client received wedged_client
2017-11-22 02:24:28,768 : Client 1: Client received wedged_client
2017-11-22 02:24:28,768 : Client 0: Client received wedged_client
2017-11-22 02:24:31,903 : Client 0: Client received new config from olympus
2017-11-22 02:24:31,903 : Client 0 : match is 3 min match is 3.0for rid 1 rid seen [1, 0]
2017-11-22 02:24:31,903 : Client 0: Result validation success for new config after receiving re-transmit result from olympus
2017-11-22 02:24:31,919 : Client 0: Client 0 timer expired for  request number 1 opration append('movie',' wars')
2017-11-22 02:24:31,919 : Client 1: Client received new config from olympus
2017-11-22 02:24:31,919 : Client 1 : match is 3 min match is 3.0for rid 1 rid seen [1, 0]
2017-11-22 02:24:31,919 : Client 1: Result validation success for new config after receiving re-transmit result from olympus
2017-11-22 02:24:31,919 : Client 1: Client 1 timer expired for  request number 1 opration slice('jedi','0:4')
2017-11-22 02:24:31,934 : Client 1:  Client 1 sent  request number 1 operation slice('jedi','0:4') to all replicas after timeout
2017-11-22 02:24:31,934 : Client 0:  Client 0 sent  request number 1 operation append('movie',' wars') to all replicas after timeout
2017-11-22 02:24:31,934 : Client 1:  Client 1 sent fianl results to parent for checking
2017-11-22 02:24:31,934 : Client 0:  Client 0 sent fianl results to parent for checking
2017-11-22 02:24:32,137 : Client 0:  tail to client signature success for rid +str(rid)
2017-11-22 02:24:32,153 : Client 0:  tail to client signature success for rid +str(rid)
2017-11-22 02:24:32,169 : Client 1:  tail to client signature success for rid +str(rid)
2017-11-22 02:24:32,184 : Client 0:  tail to client signature success for rid +str(rid)
2017-11-22 02:24:32,200 : Client 1:  tail to client signature success for rid +str(rid)
2017-11-22 02:24:32,309 : Client 1:  tail to client signature success for rid +str(rid)
2017-11-22 02:24:32,325 : Client 0:  tail to client signature success for rid +str(rid)
2017-11-22 02:24:32,340 : Client 1:  tail to client signature success for rid +str(rid)
