2017-11-21 22:18:43,045 : Configuration 0 Olympus : Generated Signature keys for clients
2017-11-21 22:18:43,045 : Configuration 0 Olympus : Generated Signature keys for replicas
2017-11-21 22:18:43,124 : Configuration 0 Olympus received reconfig req from replica0 and sent the wedged request to replicas 
2017-11-21 22:18:43,124 : Configuration 0 Olympus received wedged statement from replica  2 with history {}
2017-11-21 22:18:43,139 : Configuration 0 Olympus received wedged statement from replica  4 with history {}
2017-11-21 22:18:43,139 : Configuration 0 Olympus received wedged statement from replica  1 with history {}
2017-11-21 22:18:43,139 : Configuration 0 Olympus received wedged statement from replica  3 with history {}
2017-11-21 22:18:43,139 : Configuration 0 Olympus received wedged statement from replica  0 with history {1: ["put('movie','star')", 0, 0], 2: ["put('jedi,'luke skywalker)", 1, 0]}
2017-11-21 22:18:43,139 : Configuration 0 Olympus :enter history is {2: {}, 4: {}, 1: {}, 3: {}, 0: {1: ["put('movie','star')", 0, 0], 2: ["put('jedi,'luke skywalker)", 1, 0]}}
2017-11-21 22:18:44,154 : Configuration 0 Olympus :lh calculated 
2017-11-21 22:18:44,154 : Configuration 0longest history of comb (<replica:8d005>, <replica:8d004>, <replica:8d007>) is {1: ["put('movie','star')", 0, 0], 2: ["put('jedi,'luke skywalker)", 1, 0]}
2017-11-21 22:18:44,154 : catchup of replica 0is {}
2017-11-21 22:18:44,154 : Configuration 0 Olympus sent catch up msg  0
2017-11-21 22:18:44,154 : catchup of replica 1is {1: ["put('movie','star')", 0, 0], 2: ["put('jedi,'luke skywalker)", 1, 0]}
2017-11-21 22:18:44,154 : Configuration 0 Olympus sent catch up msg  1
2017-11-21 22:18:44,154 : catchup of replica 2is {1: ["put('movie','star')", 0, 0], 2: ["put('jedi,'luke skywalker)", 1, 0]}
2017-11-21 22:18:44,154 : Configuration 0 Olympus sent catch up msg  2
2017-11-21 22:18:44,154 : replica  0 with history {1: ["put('movie','star')", 0, 0], 2: ["put('jedi,'luke skywalker)", 1, 0]}
2017-11-21 22:18:44,154 : replica  2 with history {}
2017-11-21 22:18:44,154 : replica  4 with history {}
2017-11-21 22:18:44,169 : replica  1 with history {}
2017-11-21 22:18:44,169 : replica  3 with history {}
2017-11-21 22:18:44,169 : Configuration 0 Olympus received caught_up_res from replica  0
2017-11-21 22:18:44,169 : Configuration 0 Olympus ckient_rs is {0: [[b'2689367b205c16ce32ed4200942b8b8b1e262dfc70d9bc9fbc77c49699a4f1df', b'6f6b', 1, 0]], 1: [[b'2689367b205c16ce32ed4200942b8b8b1e262dfc70d9bc9fbc77c49699a4f1df', b'6f6b', 2, 0]]} from replica 0
2017-11-21 22:18:44,169 : Configuration 0 Olympus received caught_up_res from replica  1
2017-11-21 22:18:44,169 : Configuration 0 Olympus ckient_rs is {0: [[b'2689367b205c16ce32ed4200942b8b8b1e262dfc70d9bc9fbc77c49699a4f1df', b'6f6b', 1, 0], [b'2689367b205c16ce32ed4200942b8b8b1e262dfc70d9bc9fbc77c49699a4f1df', b'6f6b', 1, 0]], 1: [[b'2689367b205c16ce32ed4200942b8b8b1e262dfc70d9bc9fbc77c49699a4f1df', b'6f6b', 2, 0], [b'2689367b205c16ce32ed4200942b8b8b1e262dfc70d9bc9fbc77c49699a4f1df', b'6f6b', 2, 0]]} from replica 1
2017-11-21 22:18:44,169 : Configuration 0 Olympus received caught_up_res from replica  2
2017-11-21 22:18:44,169 : Configuration 0 Olympus ckient_rs is {0: [[b'2689367b205c16ce32ed4200942b8b8b1e262dfc70d9bc9fbc77c49699a4f1df', b'6f6b', 1, 0], [b'2689367b205c16ce32ed4200942b8b8b1e262dfc70d9bc9fbc77c49699a4f1df', b'6f6b', 1, 0], [b'2689367b205c16ce32ed4200942b8b8b1e262dfc70d9bc9fbc77c49699a4f1df', b'6f6b', 1, 0]], 1: [[b'2689367b205c16ce32ed4200942b8b8b1e262dfc70d9bc9fbc77c49699a4f1df', b'6f6b', 2, 0], [b'2689367b205c16ce32ed4200942b8b8b1e262dfc70d9bc9fbc77c49699a4f1df', b'6f6b', 2, 0], [b'2689367b205c16ce32ed4200942b8b8b1e262dfc70d9bc9fbc77c49699a4f1df', b'6f6b', 2, 0]]} from replica 2
2017-11-21 22:18:44,169 : Configuration 0 Olympus dict keys are [0, 1, 2]
2017-11-21 22:18:44,169 : Configuration 0 Olympus {'movie': 'star', 'jedi': 'luke skywalker'};{'movie': 'star', 'jedi': 'luke skywalker'}
2017-11-21 22:18:44,169 : Configuration 0 Olympus {'movie': 'star', 'jedi': 'luke skywalker'};{'movie': 'star', 'jedi': 'luke skywalker'}
2017-11-21 22:18:44,169 : Configuration 0 Olympus caught_up_res matched for quorum
2017-11-21 22:18:44,185 : <replica:8d005>   [<replica:8d005>, <replica:8d004>, <replica:8d007>, <replica:8d006>, <replica:8d008>]
2017-11-21 22:18:44,185 : Configuration 0 Olympus received get_running_state_res from replica  0lh rep is 0
2017-11-21 22:18:44,185 : Configuration 0 Olympus received get_running_state_res from replica  0 and they macthed
2017-11-21 22:18:45,488 : Configuration 1 Olympus : new replicas created
2017-11-21 22:18:45,490 : Configuration 1 Olympus : Generated Signature keys for new replicas
2017-11-21 22:18:45,518 : Configuration 1 Olympus : Setup  and started new replicas + client_rs{0: [[b'2689367b205c16ce32ed4200942b8b8b1e262dfc70d9bc9fbc77c49699a4f1df', b'6f6b', 1, 0], [b'2689367b205c16ce32ed4200942b8b8b1e262dfc70d9bc9fbc77c49699a4f1df', b'6f6b', 1, 0], [b'2689367b205c16ce32ed4200942b8b8b1e262dfc70d9bc9fbc77c49699a4f1df', b'6f6b', 1, 0]], 1: [[b'2689367b205c16ce32ed4200942b8b8b1e262dfc70d9bc9fbc77c49699a4f1df', b'6f6b', 2, 0], [b'2689367b205c16ce32ed4200942b8b8b1e262dfc70d9bc9fbc77c49699a4f1df', b'6f6b', 2, 0], [b'2689367b205c16ce32ed4200942b8b8b1e262dfc70d9bc9fbc77c49699a4f1df', b'6f6b', 2, 0]]}
2017-11-21 22:18:45,519 : Configuration 1 Olympus :  new replicas info sent to client
2017-11-21 22:18:45,520 : Configuration 1 Olympus :  new replicas info sent to client
2017-11-21 22:18:45,642 : Parent Client : Final Results check passed for Client : 1
2017-11-21 22:18:45,736 : Parent Client : Final Results check passed for Client : 0
