2017-11-22 01:16:17,161 : Client 0: Client 0 sent request number 0 opration put('movie','star') to replica 0
2017-11-22 01:16:17,177 : Client 1: Client 1 sent request number 0 opration put('jedi,'luke skywalker) to replica 0
2017-11-22 01:16:17,177 : Client 0: prec is 0 rec is 0
2017-11-22 01:16:17,177 : Client 1: prec is 0 rec is 0
2017-11-22 01:16:17,192 : Client 0: Client received wedged_client
2017-11-22 01:16:17,192 : Client 1: Client received wedged_client
2017-11-22 01:16:20,082 : Client 0: Client received new config from olympus
2017-11-22 01:16:20,082 : Client 1: Client received new config from olympus
2017-11-22 01:16:20,082 : Client 0 : match is 3 min match is 3.0for rid 0 rid seen [0]
2017-11-22 01:16:20,082 : Client 0: Result validation success for new config after receiving re-transmit result from olympus
2017-11-22 01:16:20,082 : Client 1: Result validation success for new config after receiving re-transmit result from olympus
2017-11-22 01:16:20,082 : Client 0: Client 0 result arrived  for rid 0
2017-11-22 01:16:20,082 : Client 1: Client 1 sent request number 1 opration slice('jedi','0:4') to replica 0
2017-11-22 01:16:20,082 : Client 0: Client 0 sent request number 1 opration append('movie',' wars') to replica 0
2017-11-22 01:16:20,082 : Client 1: prec is 1 rec is 1
2017-11-22 01:16:20,082 : Client 0: prec is 1 rec is 1
2017-11-22 01:16:20,175 : Client 1:  tail to client signature success for rid +str(rid)
2017-11-22 01:16:20,175 : Client 1: Result validation success after receiving result from tail for rid 1
2017-11-22 01:16:20,175 : Client 1: Client 1 result arrived  for rid 1
2017-11-22 01:16:20,175 : Client 1:  Client 1 sent fianl results to parent for checking
2017-11-22 01:16:20,191 : Client 0:  tail to client signature success for rid +str(rid)
2017-11-22 01:16:20,191 : Client 0: Result validation success after receiving result from tail for rid 1
2017-11-22 01:16:20,191 : Client 0: Client 0 result arrived  for rid 1
2017-11-22 01:16:20,191 : Client 0: Client 0 sent request number 2 opration append('movie',' wars') to replica 0
2017-11-22 01:16:20,191 : Client 0: prec is 2 rec is 2
2017-11-22 01:16:20,238 : Client 0:  tail to client signature success for rid +str(rid)
2017-11-22 01:16:20,238 : Client 0: Result validation success after receiving result from tail for rid 2
2017-11-22 01:16:20,238 : Client 0: Client 0 result arrived  for rid 2
2017-11-22 01:16:20,238 : Client 0: Client 0 sent request number 3 opration append('movie',' wars') to replica 0
2017-11-22 01:16:20,238 : Client 0: prec is 3 rec is 3
2017-11-22 01:16:20,280 : Client 0:  tail to client signature success for rid +str(rid)
2017-11-22 01:16:20,281 : Client 0: Result validation success after receiving result from tail for rid 3
2017-11-22 01:16:20,281 : Client 0: Client 0 result arrived  for rid 3
2017-11-22 01:16:20,282 : Client 0:  Client 0 sent fianl results to parent for checking
