2017-11-22 00:52:25,221 : Client 0: Client 0 sent request number 0 opration put('movie','star') to replica 0
2017-11-22 00:52:25,221 : Client 1: Client 1 sent request number 0 opration put('jedi,'luke skywalker) to replica 0
2017-11-22 00:52:25,237 : Client 0: prec is 0 rec is 0
2017-11-22 00:52:25,237 : Client 1: prec is 0 rec is 0
2017-11-22 00:52:28,252 : Client 0: Client 0 timer expired for  request number 0 opration put('movie','star')
lker)
2017-11-22 00:52:28,252 : Client 0:  Client 0 sent  request number 0 operation put('movie','star') to all replicas after timeout
2017-11-22 00:52:28,252 : Client 1:  Client 1 sent  request number 0 operation put('jedi,'luke skywalker) to all replicas after timeout
2017-11-22 00:52:28,299 : Client 0:  tail to client signature success for rid +str(rid)
2017-11-22 00:52:28,299 : Client 0: Result validation success after receiving result from tail for rid 0
2017-11-22 00:52:28,299 : Client 0: Client 0 sent request number 1 opration append('movie',' wars') to replica 0
2017-11-22 00:52:28,299 : Client 0: prec is 1 rec is 1
2017-11-22 00:52:28,314 : Client 1:  tail to client signature success for rid +str(rid)
2017-11-22 00:52:28,314 : Client 1: Result validation success after receiving result from tail for rid 0
2017-11-22 00:52:28,314 : Client 1: Client 1 sent request number 1 opration slice('jedi','0:4') to replica 0
2017-11-22 00:52:28,314 : Client 1: prec is 1 rec is 1
2017-11-22 00:52:28,345 : Client 0:  tail to client signature success for rid +str(rid)
2017-11-22 00:52:28,345 : Client 0: Result validation success after receiving result from tail for rid 1
2017-11-22 00:52:28,345 : Client 0: Client 0 result arrived  for rid 1
2017-11-22 00:52:28,345 : Client 0: Client 0 sent request number 2 opration append('movie',' wars') to replica 0
2017-11-22 00:52:28,345 : Client 0: prec is 2 rec is 2
2017-11-22 00:52:28,361 : Client 1:  tail to client signature success for rid +str(rid)
2017-11-22 00:52:28,361 : Client 1: Result validation success after receiving result from tail for rid 1
2017-11-22 00:52:28,361 : Client 1: Client 1 result arrived  for rid 1
2017-11-22 00:52:28,361 : Client 1:  Client 1 sent fianl results to parent for checking
2017-11-22 00:52:28,392 : Client 0:  tail to client signature success for rid +str(rid)
2017-11-22 00:52:28,392 : Client 0: Result validation success after receiving result from tail for rid 2
2017-11-22 00:52:28,392 : Client 0: Client 0 result arrived  for rid 2
2017-11-22 00:52:28,392 : Client 0: Client 0 sent request number 3 opration append('movie',' wars') to replica 0
2017-11-22 00:52:28,392 : Client 0: prec is 3 rec is 3
2017-11-22 00:52:28,720 : Client 0:  tail to client signature success for rid +str(rid)
2017-11-22 00:52:28,736 : Client 0: Result validation success after receiving result from tail for rid 3
2017-11-22 00:52:28,736 : Client 0: Client 0 result arrived  for rid 3
2017-11-22 00:52:28,736 : Client 0:  Client 0 sent fianl results to parent for checking
