2017-11-22 00:52:25,237 :  overall failure is  {'4': ['shuttle(0,0),sleep(3010)'], '3': ['result_shuttle(0,0),drop()']}
2017-11-22 00:52:25,237 : Configuration 0 Replica 0:  client 0 -head signature success for rid 0
2017-11-22 00:52:25,237 : Configuration 0 Replica 0:  replica 0 -> replica 1 for slot 0
2017-11-22 00:52:25,237 :  overall failure is  {'4': ['shuttle(0,0),sleep(3010)'], '3': ['result_shuttle(0,0),drop()']}
2017-11-22 00:52:25,252 : Configuration 0 Replica 0:  client 1 -head signature success for rid 0
2017-11-22 00:52:25,252 : Configuration 0 Replica 0:  replica 0 -> replica 1 for slot 1
2017-11-22 00:52:25,252 : Configuration 0 Replica 1: replica 0 -> replica 1signature success 
2017-11-22 00:52:25,252 : Configuration 0 Replica 1: shuttle from replica 0 -> replica 1 is received for slot 0
2017-11-22 00:52:25,252 : Configuration 0 Replica 1: shuttle from replica 1 -> replica 2 is sent for slot 0
2017-11-22 00:52:25,264 : Configuration 0 Replica 1: replica 0 -> replica 1signature success 
2017-11-22 00:52:25,264 : Configuration 0 Replica 2: replica 1 -> replica 2signature success 
2017-11-22 00:52:25,264 : Configuration 0 Replica 1: shuttle from replica 0 -> replica 1 is received for slot 1
2017-11-22 00:52:25,264 : Configuration 0 Replica 2: shuttle from replica 1 -> replica 2 is received for slot 0
2017-11-22 00:52:25,266 : Configuration 0 Replica 1: shuttle from replica 1 -> replica 2 is sent for slot 1
2017-11-22 00:52:25,269 : Configuration 0 Replica 2: shuttle from replica 2 -> replica 3 is sent for slot 0
2017-11-22 00:52:25,273 : Configuration 0 Replica 2: replica 1 -> replica 2signature success 
2017-11-22 00:52:25,273 : Configuration 0 Replica 2: shuttle from replica 1 -> replica 2 is received for slot 1
2017-11-22 00:52:25,273 : Configuration 0 Replica 3: replica 2 -> replica 3signature success 
2017-11-22 00:52:25,274 : Configuration 0 Replica 3: shuttle from replica 2 -> replica 3 is received for slot 0
2017-11-22 00:52:25,276 : Configuration 0 Replica 2: shuttle from replica 2 -> replica 3 is sent for slot 1
2017-11-22 00:52:25,278 : Configuration 0 Replica 3: shuttle from replica 3 -> replica 4 is sent for slot 0
2017-11-22 00:52:25,280 : Configuration 0 Replica 4 Shuttle failure triggered at replica 4  for client 0 message 0
2017-11-22 00:52:25,280 : Configuration 0 Replica 4 sleeping
2017-11-22 00:52:25,282 : Configuration 0 Replica 3: replica 2 -> replica 3signature success 
2017-11-22 00:52:25,282 : Configuration 0 Replica 3: shuttle from replica 2 -> replica 3 is received for slot 1
2017-11-22 00:52:25,284 : Configuration 0 Replica 3: shuttle from replica 3 -> replica 4 is sent for slot 1
2017-11-22 00:52:28,252 : Configuration 0 Replica 0 : Client 1 -> Replica 0 re-transmission signature success for rid 0
2017-11-22 00:52:28,252 : Configuration 0 Replica 0 : Client 1 -> Replica 0 re-transmission msg received for rid 0
2017-11-22 00:52:28,252 : Configuration 0 Replica 1 : Client 1 -> Replica 1 re-transmission signature success for rid 0
2017-11-22 00:52:28,252 : Configuration 0 Replica 1 : Client 1 -> Replica 1 re-transmission msg received for rid 0
2017-11-22 00:52:28,252 : Configuration 0 Replica 1 : Client 0 -> Replica 1 re-transmission signature success for rid 0
2017-11-22 00:52:28,252 : Configuration 0 Replica 1 : Client 0 -> Replica 1 re-transmission msg received for rid 0
2017-11-22 00:52:28,252 : Configuration 0 Replica 0 : Client 0 -> Replica 0 re-transmission signature success for rid 0
2017-11-22 00:52:28,252 : Configuration 0 Replica 0 : Client 0 -> Replica 0 re-transmission msg received for rid 0
2017-11-22 00:52:28,252 : Configuration 0 Replica 2 : Client 1 -> Replica 2 re-transmission signature success for rid 0
2017-11-22 00:52:28,252 : Configuration 0 Replica 2 : Client 1 -> Replica 2 re-transmission msg received for rid 0
2017-11-22 00:52:28,252 : Configuration 0 Replica 3 : Client 1 -> Replica 3 re-transmission signature success for rid 0
2017-11-22 00:52:28,252 : Configuration 0 Replica 3 : Client 1 -> Replica 3 re-transmission msg received for rid 0
2017-11-22 00:52:28,267 : Configuration 0 Replica 2 : Client 0 -> Replica 2 re-transmission signature success for rid 0
2017-11-22 00:52:28,267 : Configuration 0 Replica 2 : Client 0 -> Replica 2 re-transmission msg received for rid 0
2017-11-22 00:52:28,267 : Configuration 0 Replica 3 : Client 0 -> Replica 3 re-transmission signature success for rid 0
2017-11-22 00:52:28,267 : Configuration 0 Replica 3 : Client 0 -> Replica 3 re-transmission msg received for rid 0
2017-11-22 00:52:28,299 : Configuration 0 Replica 4 woke up 
2017-11-22 00:52:28,299 : Configuration 0 Replica 4: replica 3 -> replica 4signature success 
2017-11-22 00:52:28,299 : Configuration 0 Replica 4: shuttle from replica 3 -> replica 4 is received for slot 0
2017-11-22 00:52:28,299 : Configuration 0 Replica 4: result shuttle  from tail  -> replica 3 is sent for slot 0
2017-11-22 00:52:28,299 : Configuration 0 Replica 3 Result_shuttle failure triggered at replica 3  for client 0 message 0
2017-11-22 00:52:28,299 : Configuration 0 Replica 3 : drop (ignoring) the incoing msg
2017-11-22 00:52:28,299 : Configuration 0 Replica 4: result from tail  -> client 0 is sent for slot 0
2017-11-22 00:52:28,299 : Configuration 0 Replica 4: replica 3 -> replica 4signature success 
2017-11-22 00:52:28,299 : Configuration 0 Replica 4: shuttle from replica 3 -> replica 4 is received for slot 1
2017-11-22 00:52:28,314 :  overall failure is  {'4': ['shuttle(0,0),sleep(3010)'], '3': ['result_shuttle(0,0),drop()']}
2017-11-22 00:52:28,314 : Configuration 0 Replica 4: result shuttle  from tail  -> replica 3 is sent for slot 1
2017-11-22 00:52:28,314 : Configuration 0 Replica 0:  client 0 -head signature success for rid 1
2017-11-22 00:52:28,314 : Configuration 0 Replica 0:  replica 0 -> replica 1 for slot 2
2017-11-22 00:52:28,314 : Configuration 0 Replica 3 : Replica 4 -> Replica 3 signature success
2017-11-22 00:52:28,314 : Configuration 0 Replica 4: result from tail  -> client 1 is sent for slot 1
2017-11-22 00:52:28,314 : Configuration 0 Replica 3 Reshult_shuttle cached for slot 1
2017-11-22 00:52:28,314 : Configuration 0 Replica 4 : Client 0 -> Replica 4 re-transmission signature success for rid 0
2017-11-22 00:52:28,314 : Configuration 0 Replica 4 : Client 0 -> Replica 4 re-transmission msg received for rid 0
2017-11-22 00:52:28,314 : Configuration 0 Replica 4 : Replica 4 -> Client 0 cached result sent to client for rid 0
2017-11-22 00:52:28,314 : Configuration 0 Replica 2 : Replica 3 -> Replica 2 signature success
2017-11-22 00:52:28,314 : Configuration 0 Replica 2 Reshult_shuttle cached for slot 1
2017-11-22 00:52:28,314 : Configuration 0 Replica 1: replica 0 -> replica 1signature success 
2017-11-22 00:52:28,314 : Configuration 0 Replica 4 : Client 1 -> Replica 4 re-transmission signature success for rid 0
2017-11-22 00:52:28,314 : Configuration 0 Replica 1: shuttle from replica 0 -> replica 1 is received for slot 2
2017-11-22 00:52:28,314 : Configuration 0 Replica 4 : Client 1 -> Replica 4 re-transmission msg received for rid 0
2017-11-22 00:52:28,314 : Configuration 0 Replica 4 : Replica 4 -> Client 1 cached result sent to client for rid 0
2017-11-22 00:52:28,314 :  overall failure is  {'4': ['shuttle(0,0),sleep(3010)'], '3': ['result_shuttle(0,0),drop()']}
2017-11-22 00:52:28,314 : Configuration 0 Replica 1: shuttle from replica 1 -> replica 2 is sent for slot 2
2017-11-22 00:52:28,314 : Configuration 0 Replica 0:  client 1 -head signature success for rid 1
2017-11-22 00:52:28,330 : Configuration 0 Replica 0:  replica 0 -> replica 1 for slot 3
2017-11-22 00:52:28,330 : Configuration 0 Replica 1 : Replica 2 -> Replica 1 signature success
2017-11-22 00:52:28,330 : Configuration 0 Replica 1 Reshult_shuttle cached for slot 1
2017-11-22 00:52:28,330 : Configuration 0 Replica 2: replica 1 -> replica 2signature success 
2017-11-22 00:52:28,330 : Configuration 0 Replica 2: shuttle from replica 1 -> replica 2 is received for slot 2
2017-11-22 00:52:28,330 : Configuration 0 Replica 2: shuttle from replica 2 -> replica 3 is sent for slot 2
2017-11-22 00:52:28,330 : Configuration 0 Replica 0 : Replica 1 -> Replica 0 signature success
2017-11-22 00:52:28,330 : Configuration 0 Replica 0 Reshult_shuttle cached for slot 1
2017-11-22 00:52:28,330 : Configuration 0 Replica 0 Reshult_shuttle reached head
2017-11-22 00:52:28,330 : Configuration 0 Replica 1: replica 0 -> replica 1signature success 
2017-11-22 00:52:28,330 : Configuration 0 Replica 1: shuttle from replica 0 -> replica 1 is received for slot 3
2017-11-22 00:52:28,330 : Configuration 0 Replica 3: replica 2 -> replica 3signature success 
2017-11-22 00:52:28,330 : Configuration 0 Replica 3: shuttle from replica 2 -> replica 3 is received for slot 2
2017-11-22 00:52:28,330 : Configuration 0 Replica 1: shuttle from replica 1 -> replica 2 is sent for slot 3
2017-11-22 00:52:28,330 : Configuration 0 Replica 3: shuttle from replica 3 -> replica 4 is sent for slot 2
2017-11-22 00:52:28,345 : Configuration 0 Replica 2: replica 1 -> replica 2signature success 
2017-11-22 00:52:28,345 : Configuration 0 Replica 2: shuttle from replica 1 -> replica 2 is received for slot 3
2017-11-22 00:52:28,345 : Configuration 0 Replica 4: replica 3 -> replica 4signature success 
2017-11-22 00:52:28,345 : Configuration 0 Replica 4: shuttle from replica 3 -> replica 4 is received for slot 2
2017-11-22 00:52:28,345 : Configuration 0 Replica 2: shuttle from replica 2 -> replica 3 is sent for slot 3
2017-11-22 00:52:28,345 : Configuration 0 Replica 4: result shuttle  from tail  -> replica 3 is sent for slot 2
2017-11-22 00:52:28,345 : Configuration 0 Replica 4: result from tail  -> client 0 is sent for slot 2
2017-11-22 00:52:28,345 : Configuration 0 Replica 3: replica 2 -> replica 3signature success 
2017-11-22 00:52:28,345 : Configuration 0 Replica 3: shuttle from replica 2 -> replica 3 is received for slot 3
2017-11-22 00:52:28,345 : Configuration 0 Replica 3: shuttle from replica 3 -> replica 4 is sent for slot 3
2017-11-22 00:52:28,345 :  overall failure is  {'4': ['shuttle(0,0),sleep(3010)'], '3': ['result_shuttle(0,0),drop()']}
2017-11-22 00:52:28,345 : Configuration 0 Replica 0:  client 0 -head signature success for rid 2
2017-11-22 00:52:28,345 : Configuration 0 Replica 3 : Replica 4 -> Replica 3 signature success
2017-11-22 00:52:28,345 : Configuration 0 Replica 3 Reshult_shuttle cached for slot 2
2017-11-22 00:52:28,345 : Configuration 0 Replica 0:  replica 0 -> replica 1 for slot 4
2017-11-22 00:52:28,345 : Configuration 0 Replica 4: replica 3 -> replica 4signature success 
2017-11-22 00:52:28,361 : Configuration 0 Replica 4: shuttle from replica 3 -> replica 4 is received for slot 3
2017-11-22 00:52:28,361 : Configuration 0 Replica 2 : Replica 3 -> Replica 2 signature success
2017-11-22 00:52:28,361 : Configuration 0 Replica 4: result shuttle  from tail  -> replica 3 is sent for slot 3
2017-11-22 00:52:28,361 : Configuration 0 Replica 2 Reshult_shuttle cached for slot 2
2017-11-22 00:52:28,361 : Configuration 0 Replica 4: result from tail  -> client 1 is sent for slot 3
2017-11-22 00:52:28,361 : Configuration 0 Replica 3 : Replica 4 -> Replica 3 signature success
2017-11-22 00:52:28,361 : Configuration 0 Replica 3 Reshult_shuttle cached for slot 3
2017-11-22 00:52:28,361 : Configuration 0 Replica 1: replica 0 -> replica 1signature success 
2017-11-22 00:52:28,361 : Configuration 0 Replica 1: shuttle from replica 0 -> replica 1 is received for slot 4
2017-11-22 00:52:28,361 : Configuration 0 Replica 1: shuttle from replica 1 -> replica 2 is sent for slot 4
2017-11-22 00:52:28,361 : Configuration 0 Replica 2 : Replica 3 -> Replica 2 signature success
2017-11-22 00:52:28,361 : Configuration 0 Replica 2 Reshult_shuttle cached for slot 3
2017-11-22 00:52:28,361 : Configuration 0 Replica 1 : Replica 2 -> Replica 1 signature success
2017-11-22 00:52:28,361 : Configuration 0 Replica 1 Reshult_shuttle cached for slot 2
2017-11-22 00:52:28,361 : Configuration 0 Replica 2: replica 1 -> replica 2signature success 
2017-11-22 00:52:28,361 : Configuration 0 Replica 1 : Replica 2 -> Replica 1 signature success
ived for slot 4
2017-11-22 00:52:28,361 : Configuration 0 Replica 1 Reshult_shuttle cached for slot 3
success
2017-11-22 00:52:28,361 : Configuration 0 Replica 0 Reshult_shuttle cached for slot 2
2017-11-22 00:52:28,361 : Configuration 0 Replica 0 Reshult_shuttle reached head
2017-11-22 00:52:28,377 : Configuration 0 Replica 2: shuttle from replica 2 -> replica 3 is sent for slot 4
2017-11-22 00:52:28,377 : Configuration 0 Replica 0 : Replica 1 -> Replica 0 signature success
2017-11-22 00:52:28,377 : Configuration 0 Replica 0 Reshult_shuttle cached for slot 3
2017-11-22 00:52:28,377 : Configuration 0 Replica 0 Reshult_shuttle reached head
2017-11-22 00:52:28,377 : Configuration 0 Replica 3: replica 2 -> replica 3signature success 
2017-11-22 00:52:28,377 : Configuration 0 Replica 3: shuttle from replica 2 -> replica 3 is received for slot 4
2017-11-22 00:52:28,377 : Configuration 0 Replica 3: shuttle from replica 3 -> replica 4 is sent for slot 4
2017-11-22 00:52:28,377 : Configuration 0 Replica 4: replica 3 -> replica 4signature success 
2017-11-22 00:52:28,377 : Configuration 0 Replica 4: shuttle from replica 3 -> replica 4 is received for slot 4
2017-11-22 00:52:28,377 : Configuration 0 Replica 4: result shuttle  from tail  -> replica 3 is sent for slot 4
2017-11-22 00:52:28,377 : Configuration 0 Replica 4: result from tail  -> client 0 is sent for slot 4
2017-11-22 00:52:28,392 : Configuration 0 Replica 3 : Replica 4 -> Replica 3 signature success
2017-11-22 00:52:28,392 : Configuration 0 Replica 3 Reshult_shuttle cached for slot 4
2017-11-22 00:52:28,392 : Configuration 0 Replica 2 : Replica 3 -> Replica 2 signature success
2017-11-22 00:52:28,392 : Configuration 0 Replica 2 Reshult_shuttle cached for slot 4
2017-11-22 00:52:28,392 :  overall failure is  {'4': ['shuttle(0,0),sleep(3010)'], '3': ['result_shuttle(0,0),drop()']}
2017-11-22 00:52:28,392 : Configuration 0 Replica 0:  client 0 -head signature success for rid 3
2017-11-22 00:52:28,392 : Configuration 0 Replica 0: checkpoint triggered for slot 3
2017-11-22 00:52:28,392 : 4 , {'movie': 'star wars wars', 'jedi': 'luke'}
2017-11-22 00:52:28,392 : Configuration 0 Replica 0:  replica 0 -> replica 1 checkpoint proof sent for slot 3
2017-11-22 00:52:28,392 : Configuration 0 Replica 1 : Replica 2 -> Replica 1 signature success
2017-11-22 00:52:28,392 : Configuration 0 Replica 1 Reshult_shuttle cached for slot 4
2017-11-22 00:52:28,392 : Configuration 0 Replica 1: replica 0 -> replica 1signature success 
2017-11-22 00:52:28,392 : After fws ckp 4 , {'movie': 'star wars wars', 'jedi': 'luke'}
2017-11-22 00:52:28,392 : Configuration 0 Replica 1 checkpoint proof added for slot: 4
2017-11-22 00:52:28,392 : Configuration 0 Replica 1 checkpoint proof sent to replica: 2
2017-11-22 00:52:28,392 : Configuration 0 Replica 2: replica 1 -> replica 2signature success 
2017-11-22 00:52:28,392 : After fws ckp 4 , {'movie': 'star wars wars', 'jedi': 'luke'}
2017-11-22 00:52:28,392 : Configuration 0 Replica 2 checkpoint proof added for slot: 4
2017-11-22 00:52:28,408 : Configuration 0 Replica 2 checkpoint proof sent to replica: 3
2017-11-22 00:52:28,408 : Configuration 0 Replica 3: replica 2 -> replica 3signature success 
2017-11-22 00:52:28,408 : After fws ckp 4 , {'movie': 'star wars wars', 'jedi': 'luke'}
2017-11-22 00:52:28,408 : Configuration 0 Replica 3 checkpoint proof added for slot: 4
2017-11-22 00:52:28,408 : Configuration 0 Replica 3 checkpoint proof sent to replica: 4
2017-11-22 00:52:28,408 : Configuration 0 Replica 4: replica 3 -> replica 4signature success 
2017-11-22 00:52:28,408 : After fws ckp 4 , {'movie': 'star wars wars', 'jedi': 'luke'}
2017-11-22 00:52:28,408 : Configuration 0 Replica 4 checkpoint proof added for slot: 4
2017-11-22 00:52:28,408 : Configuration 0 Replica 4 history = {0: ["put('movie','star')", 0, 0], 1: ["put('jedi,'luke skywalker)", 1, 0], 2: ["append('movie',' wars')", 0, 1], 3: ["slice('jedi','0:4')", 1, 1], 4: ["append('movie',' wars')", 0, 2]} slot upto to be del 3 wedged hist {}
2017-11-22 00:52:28,408 : Configuration 0 Replica 4 History Truncated {3: ["slice('jedi','0:4')", 1, 1], 4: ["append('movie',' wars')", 0, 2]}
2017-11-22 00:52:28,408 : Configuration 0 Replica 4 Completed checkpoint proof sent to replica: 3
2017-11-22 00:52:28,408 : Configuration 0 Replica 3: replica 4 -> replica 3signature success 
2017-11-22 00:52:28,408 : Configuration 0 Replica 3 history = {0: ["put('movie','star')", 0, 0], 1: ["put('jedi,'luke skywalker)", 1, 0], 2: ["append('movie',' wars')", 0, 1], 3: ["slice('jedi','0:4')", 1, 1], 4: ["append('movie',' wars')", 0, 2]} slot upto to be del 3 wedged hist {}
2017-11-22 00:52:28,408 : Configuration 0 Replica 3 History Truncated {3: ["slice('jedi','0:4')", 1, 1], 4: ["append('movie',' wars')", 0, 2]}
2017-11-22 00:52:28,408 : Configuration 0 Replica 3 Completed Check point proof sent to replica: 2
2017-11-22 00:52:28,424 : Configuration 0 Replica 2: replica 3 -> replica 2signature success 
2017-11-22 00:52:28,424 : Configuration 0 Replica 2 history = {0: ["put('movie','star')", 0, 0], 1: ["put('jedi,'luke skywalker)", 1, 0], 2: ["append('movie',' wars')", 0, 1], 3: ["slice('jedi','0:4')", 1, 1], 4: ["append('movie',' wars')", 0, 2]} slot upto to be del 3 wedged hist {}
2017-11-22 00:52:28,424 : Configuration 0 Replica 2 History Truncated {3: ["slice('jedi','0:4')", 1, 1], 4: ["append('movie',' wars')", 0, 2]}
2017-11-22 00:52:28,424 : Configuration 0 Replica 2 Completed Check point proof sent to replica: 1
2017-11-22 00:52:28,424 : Configuration 0 Replica 1: replica 2 -> replica 1signature success 
2017-11-22 00:52:28,424 : Configuration 0 Replica 1 history = {0: ["put('movie','star')", 0, 0], 1: ["put('jedi,'luke skywalker)", 1, 0], 2: ["append('movie',' wars')", 0, 1], 3: ["slice('jedi','0:4')", 1, 1], 4: ["append('movie',' wars')", 0, 2]} slot upto to be del 3 wedged hist {}
2017-11-22 00:52:28,424 : Configuration 0 Replica 1 History Truncated {3: ["slice('jedi','0:4')", 1, 1], 4: ["append('movie',' wars')", 0, 2]}
2017-11-22 00:52:28,424 : Configuration 0 Replica 1 Completed Check point proof sent to replica: 0
2017-11-22 00:52:28,705 : Configuration 0 Replica 0:  replica 0 -> replica 1 for slot 5
2017-11-22 00:52:28,705 : Configuration 0 Replica 0 : Replica 1 -> Replica 0 signature success
2017-11-22 00:52:28,705 : Configuration 0 Replica 0 Reshult_shuttle cached for slot 4
2017-11-22 00:52:28,705 : Configuration 0 Replica 0 Reshult_shuttle reached head
2017-11-22 00:52:28,705 : Configuration 0 Replica 1: replica 0 -> replica 1signature success 
2017-11-22 00:52:28,705 : Configuration 0 Replica 1: shuttle from replica 0 -> replica 1 is received for slot 5
2017-11-22 00:52:28,705 : Configuration 0 Replica 0: replica 1 -> replica 0signature success 
2017-11-22 00:52:28,705 : Configuration 0 Replica 0 history = {0: ["put('movie','star')", 0, 0], 1: ["put('jedi,'luke skywalker)", 1, 0], 2: ["append('movie',' wars')", 0, 1], 3: ["slice('jedi','0:4')", 1, 1], 4: ["append('movie',' wars')", 0, 2], 5: ["append('movie',' wars')", 0, 3]} slot upto to be del 3 wedged hist {}
2017-11-22 00:52:28,705 : Configuration 0 Replica 0 History Truncated {3: ["slice('jedi','0:4')", 1, 1], 4: ["append('movie',' wars')", 0, 2], 5: ["append('movie',' wars')", 0, 3]}
2017-11-22 00:52:28,705 : Configuration 0 Replica 1: shuttle from replica 1 -> replica 2 is sent for slot 5
2017-11-22 00:52:28,705 : Configuration 0 Replica 0 Completed Check point proof reached head
2017-11-22 00:52:28,705 : Configuration 0 Replica 2: replica 1 -> replica 2signature success 
2017-11-22 00:52:28,705 : Configuration 0 Replica 2: shuttle from replica 1 -> replica 2 is received for slot 5
2017-11-22 00:52:28,705 : Configuration 0 Replica 2: shuttle from replica 2 -> replica 3 is sent for slot 5
2017-11-22 00:52:28,720 : Configuration 0 Replica 3: replica 2 -> replica 3signature success 
2017-11-22 00:52:28,720 : Configuration 0 Replica 3: shuttle from replica 2 -> replica 3 is received for slot 5
2017-11-22 00:52:28,720 : Configuration 0 Replica 3: shuttle from replica 3 -> replica 4 is sent for slot 5
2017-11-22 00:52:28,720 : Configuration 0 Replica 4: replica 3 -> replica 4signature success 
2017-11-22 00:52:28,720 : Configuration 0 Replica 4: shuttle from replica 3 -> replica 4 is received for slot 5
2017-11-22 00:52:28,720 : Configuration 0 Replica 4: result shuttle  from tail  -> replica 3 is sent for slot 5
2017-11-22 00:52:28,720 : Configuration 0 Replica 4: result from tail  -> client 0 is sent for slot 5
2017-11-22 00:52:28,720 : Configuration 0 Replica 3 : Replica 4 -> Replica 3 signature success
2017-11-22 00:52:28,720 : Configuration 0 Replica 3 Reshult_shuttle cached for slot 5
2017-11-22 00:52:28,736 : Configuration 0 Replica 2 : Replica 3 -> Replica 2 signature success
2017-11-22 00:52:28,736 : Configuration 0 Replica 2 Reshult_shuttle cached for slot 5
2017-11-22 00:52:28,736 : Configuration 0 Replica 1 : Replica 2 -> Replica 1 signature success
2017-11-22 00:52:28,736 : Configuration 0 Replica 1 Reshult_shuttle cached for slot 5
2017-11-22 00:52:28,736 : Configuration 0 Replica 0 : Replica 1 -> Replica 0 signature success
2017-11-22 00:52:28,736 : Configuration 0 Replica 0 Reshult_shuttle cached for slot 5
2017-11-22 00:52:28,736 : Configuration 0 Replica 0 Reshult_shuttle reached head
