2017-11-22 20:38:14,913 : Client 0: Client 0 sent request number 0 opration put('movie','star') to replica 0
2017-11-22 20:38:14,915 : Client 1: Client 1 sent request number 0 opration put('jedi,'luke skywalker) to replica 0
2017-11-22 20:38:14,924 : Client 1: prec is 0 rec is 0
2017-11-22 20:38:14,925 : Client 0: prec is 0 rec is 0
2017-11-22 20:38:14,962 : Client 0: Client received wedged_client
2017-11-22 20:38:14,962 : Client 1: Client received wedged_client
2017-11-22 20:38:18,446 : Client 0: Client received new config from olympus
2017-11-22 20:38:18,447 : Client 1: Client received new config from olympus
2017-11-22 20:38:18,447 : Client 0 : match is 3 min match is 3.0for rid 0 rid seen [0]
2017-11-22 20:38:18,448 : Client 1 : match is 3 min match is 3.0for rid 0 rid seen [0]
2017-11-22 20:38:18,448 : Client 0: Result validation success for new config after receiving re-transmit result from olympus
2017-11-22 20:38:18,448 : Client 1: Result validation success for new config after receiving re-transmit result from olympus
2017-11-22 20:38:18,448 : Client 1: Client 1 timer expired for  request number 0 opration put('jedi,'luke skywalker)
2017-11-22 20:38:18,448 : Client 0: Client 0 timer expired for  request number 0 opration put('movie','star')
2017-11-22 20:38:18,476 : Client 1:  Client 1 sent  request number 0 operation put('jedi,'luke skywalker) to all replicas after timeout
2017-11-22 20:38:18,476 : Client 0:  Client 0 sent  request number 0 operation put('movie','star') to all replicas after timeout
2017-11-22 20:38:18,477 : Client 1: Client 1 sent request number 1 opration slice('jedi','0:4') to replica 0
2017-11-22 20:38:18,478 : Client 0: Client 0 sent request number 1 opration append('movie',' wars') to replica 0
2017-11-22 20:38:18,481 : Client 1: prec is 1 rec is 1
2017-11-22 20:38:18,481 : Client 0: prec is 1 rec is 1
2017-11-22 20:38:21,482 : Client 1: Client 1 timer expired for  request number 1 opration slice('jedi','0:4')
')
2017-11-22 20:38:22,490 : Client 1:  Client 1 sent  request number 1 operation slice('jedi','0:4') to all replicas after timeout
2017-11-22 20:38:22,491 : Client 1: Client received wedged_client
2017-11-22 20:38:22,495 : Client 0:  Client 0 sent  request number 1 operation append('movie',' wars') to all replicas after timeout
2017-11-22 20:38:22,496 : Client 0: Client received wedged_client
2017-11-22 20:38:28,912 : Client 0: Client received new config from olympus
2017-11-22 20:38:28,913 : Client 1: Client received new config from olympus
2017-11-22 20:38:29,017 : Client 0:  tail to client signature success for rid +str(rid)
2017-11-22 20:38:29,017 : Client 0: Result validation success after receiving result from tail for rid 1
2017-11-22 20:38:29,018 : Client 0: Client 0 sent request number 2 opration append('movie',' wars') to replica 0
2017-11-22 20:38:29,021 : Client 0: prec is 2 rec is 2
2017-11-22 20:38:29,047 : Client 0:  tail to client signature success for rid +str(rid)
2017-11-22 20:38:29,078 : Client 0:  tail to client signature success for rid +str(rid)
2017-11-22 20:38:29,098 : Client 1:  tail to client signature success for rid +str(rid)
2017-11-22 20:38:29,099 : Client 1: Result validation success after receiving result from tail for rid 1
2017-11-22 20:38:29,101 : Client 1:  Client 1 sent fianl results to parent for checking
2017-11-22 20:38:29,113 : Client 1:  tail to client signature success for rid +str(rid)
2017-11-22 20:38:29,125 : Client 1:  tail to client signature success for rid +str(rid)
2017-11-22 20:38:29,140 : Client 1:  tail to client signature success for rid +str(rid)
2017-11-22 20:38:29,152 : Client 0:  tail to client signature success for rid +str(rid)
2017-11-22 20:38:29,152 : Client 0: Result validation success after receiving result from tail for rid 2
2017-11-22 20:38:29,153 : Client 0: Client 0 result arrived  for rid 2
2017-11-22 20:38:29,153 : Client 0: Client 0 sent request number 3 opration append('movie',' wars') to replica 0
2017-11-22 20:38:29,156 : Client 0: prec is 3 rec is 3
2017-11-22 20:38:29,220 : Client 0:  tail to client signature success for rid +str(rid)
2017-11-22 20:38:29,221 : Client 0: Result validation success after receiving result from tail for rid 3
2017-11-22 20:38:29,221 : Client 0: Client 0 result arrived  for rid 3
2017-11-22 20:38:29,223 : Client 0:  Client 0 sent fianl results to parent for checking
