2017-11-22 14:26:47,316 : Configuration 0 Olympus : Generated Signature keys for clients
2017-11-22 14:26:47,316 : Configuration 0 Olympus : Generated Signature keys for replicas
2017-11-22 14:26:47,425 : Configuration 0 Olympus received reconfig req from replica2 and sent the wedged request to replicas 
2017-11-22 14:26:47,441 : Configuration 0 Olympus received wedged statement from replica  1 with history {0: ["put('movie','star')", 0, 0], 1: ["put('jedi,'luke skywalker)", 1, 0]}
2017-11-22 14:26:47,441 : Configuration 0 Olympus received wedged statement from replica  0 with history {0: ["put('movie','star')", 0, 0], 1: ["put('jedi,'luke skywalker)", 1, 0]}
2017-11-22 14:26:47,441 : Configuration 0 Olympus received wedged statement from replica  2 with history {0: ["put('movie','star')", 0, 0], 1: ["put('jedi,'luke skywalker)", 1, 0]}
2017-11-22 14:26:47,441 : Configuration 0 Olympus :enter history is {1: {0: ["put('movie','star')", 0, 0], 1: ["put('jedi,'luke skywalker)", 1, 0]}, 0: {0: ["put('movie','star')", 0, 0], 1: ["put('jedi,'luke skywalker)", 1, 0]}, 2: {0: ["put('movie','star')", 0, 0], 1: ["put('jedi,'luke skywalker)", 1, 0]}}
2017-11-22 14:26:47,441 : Configuration 0 Olympus received wedged statement from replica  4 with history {}
2017-11-22 14:26:47,441 : Configuration 0 Olympus received wedged statement from replica  3 with history {0: ["put('movie','star')", 0, 0], 1: ["put('jedi,'luke skywalker)", 1, 0]}
2017-11-22 14:26:48,456 : Configuration 0 Olympus :lh calculated 
2017-11-22 14:26:48,456 : Configuration 0longest history of comb (<replica:17004>, <replica:17008>, <replica:17006>) is {0: ["put('movie','star')", 0, 0], 1: ["put('jedi,'luke skywalker)", 1, 0]}
2017-11-22 14:26:48,456 : catchup of replica 1is {}
2017-11-22 14:26:48,456 : Configuration 0 Olympus sent catch up msg  1
2017-11-22 14:26:48,456 : catchup of replica 0is {}
2017-11-22 14:26:48,456 : Configuration 0 Olympus sent catch up msg  0
2017-11-22 14:26:48,456 : catchup of replica 2is {}
2017-11-22 14:26:48,456 : Configuration 0 Olympus sent catch up msg  2
2017-11-22 14:26:48,456 : replica  0 with history {0: ["put('movie','star')", 0, 0], 1: ["put('jedi,'luke skywalker)", 1, 0]}
2017-11-22 14:26:48,456 : replica  2 with history {0: ["put('movie','star')", 0, 0], 1: ["put('jedi,'luke skywalker)", 1, 0]}
2017-11-22 14:26:48,456 : replica  1 with history {0: ["put('movie','star')", 0, 0], 1: ["put('jedi,'luke skywalker)", 1, 0]}
2017-11-22 14:26:48,456 : replica  3 with history {0: ["put('movie','star')", 0, 0], 1: ["put('jedi,'luke skywalker)", 1, 0]}
2017-11-22 14:26:48,456 : replica  4 with history {}
2017-11-22 14:26:48,456 : Configuration 0 Olympus received caught_up_res from replica  1
2017-11-22 14:26:48,472 : Configuration 0 Olympus ckient_rs is {0: [[b'2689367b205c16ce32ed4200942b8b8b1e262dfc70d9bc9fbc77c49699a4f1df', b'6f6b', 0, 0]], 1: [[b'2689367b205c16ce32ed4200942b8b8b1e262dfc70d9bc9fbc77c49699a4f1df', b'6f6b', 1, 0]]} from replica 1
2017-11-22 14:26:48,472 : Configuration 0 Olympus received caught_up_res from replica  2
2017-11-22 14:26:48,472 : Configuration 0 Olympus ckient_rs is {0: [[b'2689367b205c16ce32ed4200942b8b8b1e262dfc70d9bc9fbc77c49699a4f1df', b'6f6b', 0, 0], [b'2689367b205c16ce32ed4200942b8b8b1e262dfc70d9bc9fbc77c49699a4f1df', b'6f6b', 0, 0]], 1: [[b'2689367b205c16ce32ed4200942b8b8b1e262dfc70d9bc9fbc77c49699a4f1df', b'6f6b', 1, 0], [b'2689367b205c16ce32ed4200942b8b8b1e262dfc70d9bc9fbc77c49699a4f1df', b'6f6b', 1, 0]]} from replica 2
2017-11-22 14:26:48,472 : Configuration 0 Olympus received caught_up_res from replica  0
2017-11-22 14:26:48,472 : Configuration 0 Olympus ckient_rs is {0: [[b'2689367b205c16ce32ed4200942b8b8b1e262dfc70d9bc9fbc77c49699a4f1df', b'6f6b', 0, 0], [b'2689367b205c16ce32ed4200942b8b8b1e262dfc70d9bc9fbc77c49699a4f1df', b'6f6b', 0, 0], [b'2689367b205c16ce32ed4200942b8b8b1e262dfc70d9bc9fbc77c49699a4f1df', b'6f6b', 0, 0]], 1: [[b'2689367b205c16ce32ed4200942b8b8b1e262dfc70d9bc9fbc77c49699a4f1df', b'6f6b', 1, 0], [b'2689367b205c16ce32ed4200942b8b8b1e262dfc70d9bc9fbc77c49699a4f1df', b'6f6b', 1, 0], [b'2689367b205c16ce32ed4200942b8b8b1e262dfc70d9bc9fbc77c49699a4f1df', b'6f6b', 1, 0]]} from replica 0
2017-11-22 14:26:48,472 : Configuration 0 Olympus dict keys are [1, 2, 0]
2017-11-22 14:26:48,472 : Configuration 0 Olympus {'movie': 'star', 'jedi': 'luke skywalker'};{'movie': 'star', 'jedi': 'luke skywalker'}
2017-11-22 14:26:48,472 : Configuration 0 Olympus {'movie': 'star', 'jedi': 'luke skywalker'};{'movie': 'star', 'jedi': 'luke skywalker'}
2017-11-22 14:26:48,472 : Configuration 0 Olympus caught_up_res matched for quorum
2017-11-22 14:26:48,472 : <replica:17004>   [<replica:17008>, <replica:17004>, <replica:17006>, <replica:17005>, <replica:17007>]
2017-11-22 14:26:48,472 : Configuration 0 Olympus received get_running_state_res from replica  1lh rep is 1
2017-11-22 14:26:48,472 : Configuration 0 Olympus received get_running_state_res from replica  1 and they macthed
2017-11-22 14:26:49,856 : Configuration 1 Olympus : new replicas created
2017-11-22 14:26:49,856 : Configuration 1 Olympus : Generated Signature keys for new replicas
2017-11-22 14:26:49,903 : Configuration 1 Olympus : Setup  and started new replicas + client_rs{0: [[b'2689367b205c16ce32ed4200942b8b8b1e262dfc70d9bc9fbc77c49699a4f1df', b'6f6b', 0, 0], [b'2689367b205c16ce32ed4200942b8b8b1e262dfc70d9bc9fbc77c49699a4f1df', b'6f6b', 0, 0], [b'2689367b205c16ce32ed4200942b8b8b1e262dfc70d9bc9fbc77c49699a4f1df', b'6f6b', 0, 0]], 1: [[b'2689367b205c16ce32ed4200942b8b8b1e262dfc70d9bc9fbc77c49699a4f1df', b'6f6b', 1, 0], [b'2689367b205c16ce32ed4200942b8b8b1e262dfc70d9bc9fbc77c49699a4f1df', b'6f6b', 1, 0], [b'2689367b205c16ce32ed4200942b8b8b1e262dfc70d9bc9fbc77c49699a4f1df', b'6f6b', 1, 0]]}
2017-11-22 14:26:49,903 : Configuration 1 Olympus :  new replicas info sent to client
2017-11-22 14:26:49,903 : Configuration 1 Olympus :  new replicas info sent to client
2017-11-22 14:26:55,947 : Configuration 1 Olympus received reconfig req from replica1 and sent the wedged request to replicas 
2017-11-22 14:26:55,947 : Configuration 1 Olympus received reconfig req from replica2 and sent the wedged request to replicas 
2017-11-22 14:26:55,947 : Configuration 1 Olympus received reconfig req from replica3 and sent the wedged request to replicas 
2017-11-22 14:26:55,962 : Configuration 1 Olympus received wedged statement from replica  1 with history {}
2017-11-22 14:26:55,962 : Configuration 1 Olympus received wedged statement from replica  2 with history {}
2017-11-22 14:26:55,962 : Configuration 1 Olympus received wedged statement from replica  3 with history {}
2017-11-22 14:26:55,962 : Configuration 1 Olympus :enter history is {1: {}, 0: {0: ["put('movie','star')", 0, 0], 1: ["put('jedi,'luke skywalker)", 1, 0]}, 2: {}, 4: {}, 3: {}}
2017-11-22 14:26:55,962 : Configuration 1 Olympus received wedged statement from replica  4 with history {}
2017-11-22 14:26:56,967 : Configuration 1 Olympus :lh calculated 
2017-11-22 14:26:56,967 : Configuration 1longest history of comb (<replica:8e003>, <replica:8e004>, <replica:8e001>) is {}
2017-11-22 14:26:56,967 : catchup of replica 1is {}
2017-11-22 14:26:56,967 : Configuration 1 Olympus sent catch up msg  1
2017-11-22 14:26:56,967 : catchup of replica 2is {}
2017-11-22 14:26:56,967 : Configuration 1 Olympus sent catch up msg  2
2017-11-22 14:26:56,967 : catchup of replica 3is {}
2017-11-22 14:26:56,967 : Configuration 1 Olympus sent catch up msg  3
2017-11-22 14:26:56,967 : replica  0 with history {}
2017-11-22 14:26:56,967 : replica  1 with history {}
2017-11-22 14:26:56,967 : replica  2 with history {}
2017-11-22 14:26:56,967 : replica  3 with history {}
2017-11-22 14:26:56,967 : replica  4 with history {}
2017-11-22 14:26:56,967 : Configuration 1 Olympus received caught_up_res from replica  1
2017-11-22 14:26:56,967 : Configuration 1 Olympus ckient_rs is {} from replica 1
2017-11-22 14:26:56,983 : Configuration 1 Olympus received caught_up_res from replica  2
2017-11-22 14:26:56,983 : Configuration 1 Olympus ckient_rs is {} from replica 2
2017-11-22 14:26:56,983 : Configuration 1 Olympus received caught_up_res from replica  3
2017-11-22 14:26:56,983 : Configuration 1 Olympus ckient_rs is {} from replica 3
2017-11-22 14:26:56,983 : Configuration 1 Olympus dict keys are [1, 2, 3]
2017-11-22 14:26:56,983 : Configuration 1 Olympus {'movie': 'star', 'jedi': 'luke skywalker'};{'movie': 'star', 'jedi': 'luke skywalker'}
2017-11-22 14:26:56,983 : Configuration 1 Olympus {'movie': 'star', 'jedi': 'luke skywalker'};{'movie': 'star', 'jedi': 'luke skywalker'}
2017-11-22 14:26:56,983 : Configuration 1 Olympus caught_up_res matched for quorum
2017-11-22 14:26:56,983 : <replica:8e003>   [<replica:8e005>, <replica:8e003>, <replica:8e004>, <replica:8e001>, <replica:8e002>]
2017-11-22 14:26:56,983 : Configuration 1 Olympus received get_running_state_res from replica  1lh rep is 1
2017-11-22 14:26:56,983 : Configuration 1 Olympus received get_running_state_res from replica  1 and they macthed
2017-11-22 14:26:58,350 : Configuration 2 Olympus : new replicas created
2017-11-22 14:26:58,350 : Configuration 2 Olympus : Generated Signature keys for new replicas
2017-11-22 14:26:58,397 : Configuration 2 Olympus : Setup  and started new replicas + client_rs{}
2017-11-22 14:26:58,566 : Parent Client : Final Results check passed for Client : 1
2017-11-22 14:26:58,738 : Parent Client : Final Results check passed for Client : 0
