2017-11-22 14:26:47,363 : Configuration 0 Replica 2: new config from olympus
2017-11-22 14:26:47,363 : Configuration 0 Replica 4: new config from olympus
2017-11-22 14:26:47,363 : Configuration 0 Replica change state to active
2017-11-22 14:26:47,363 : Configuration 0 Replica change state to active
2017-11-22 14:26:47,363 : Configuration 0 Replica change state to active
2017-11-22 14:26:47,363 : Configuration 0 Replica 0: new config from olympus
2017-11-22 14:26:47,363 : Configuration 0 Replica change state to active
2017-11-22 14:26:47,363 : Configuration 0 Replica 1: new config from olympus
2017-11-22 14:26:47,363 : Configuration 0 Replica change state to active
2017-11-22 14:26:47,394 :  overall failure is  {'1': ['shuttle(1,0),invalid_result_sig()']}
2017-11-22 14:26:47,394 : Configuration 0 Replica 0:  client 0 -head signature success for rid 0
2017-11-22 14:26:47,394 : Configuration 0 Replica 0:  replica 0 -> replica 1 for slot 0
2017-11-22 14:26:47,409 :  overall failure is  {'1': ['shuttle(1,0),invalid_result_sig()']}
2017-11-22 14:26:47,409 : Configuration 0 Replica 0:  client 1 -head signature success for rid 0
2017-11-22 14:26:47,409 : Configuration 0 Replica 0:  replica 0 -> replica 1 for slot 1
2017-11-22 14:26:47,409 : Configuration 0 Replica 1: replica 0 -> replica 1signature success 
2017-11-22 14:26:47,409 : Configuration 0 Replica 1: shuttle from replica 0 -> replica 1 is received for slot 0
2017-11-22 14:26:47,409 : Configuration 0 Replica 1: shuttle from replica 1 -> replica 2 is sent for slot 0
2017-11-22 14:26:47,409 : Configuration 0 Replica 1 Shuttle failure triggered at replica 1  for client 1 message 0
2017-11-22 14:26:47,409 : Configuration 0 Replica 2: replica 1 -> replica 2signature success 
2017-11-22 14:26:47,409 : Configuration 0 Replica 2: shuttle from replica 1 -> replica 2 is received for slot 0
2017-11-22 14:26:47,425 : Configuration 0 Replica 1: replica 0 -> replica 1signature success 
2017-11-22 14:26:47,425 : Configuration 0 Replica 1: shuttle from replica 0 -> replica 1 is received for slot 1
2017-11-22 14:26:47,425 : Configuration 0 Replica 1: shuttle from replica 1 -> replica 2 is sent for slot 1
2017-11-22 14:26:47,425 : Configuration 0 Replica 2: shuttle from replica 2 -> replica 3 is sent for slot 0
2017-11-22 14:26:47,425 : Configuration 0 Replica 3: replica 2 -> replica 3signature success 
2017-11-22 14:26:47,425 : Configuration 0 Replica 3: shuttle from replica 2 -> replica 3 is received for slot 0
2017-11-22 14:26:47,425 : replica 2: replica 1 -> replica 2signature fail 
2017-11-22 14:26:47,425 : Configuration 0 Replica 2: replica 1 -> replica 2signature success 
2017-11-22 14:26:47,425 : Configuration 0 Replica 2: shuttle from replica 1 -> replica 2 is received for slot 1
2017-11-22 14:26:47,425 : Configuration 0 Replica 2: shuttle from replica 2 -> replica 3 is sent for slot 1
2017-11-22 14:26:47,425 : Configuration 0 Replica 1 : wedged req received from olympus
2017-11-22 14:26:47,425 : Configuration 0 Replica 1 : state changed to immutable
2017-11-22 14:26:47,425 : Configuration 0 Replica 0 : state changed to immutable
2017-11-22 14:26:47,425 : Configuration 0 Replica 2 : wedged req received from olympus
2017-11-22 14:26:47,441 : Configuration 0 Replica 2 : state changed to immutable
2017-11-22 14:26:47,441 : Configuration 0 Replica 1 : wedged statement sent to olympus
2017-11-22 14:26:47,441 : Configuration 0 Replica 0 : wedged statement sent to olympus
2017-11-22 14:26:47,441 : Configuration 0 Replica 3: shuttle from replica 3 -> replica 4 is sent for slot 0
2017-11-22 14:26:47,441 : Configuration 0 Replica 2 : wedged statement sent to olympus
2017-11-22 14:26:47,441 : Configuration 0 Replica 4 : wedged req received from olympus
2017-11-22 14:26:47,441 : Configuration 0 Replica 4 : state changed to immutable
2017-11-22 14:26:47,441 : Configuration 0 Replica 4 : wedged statement sent to olympus
2017-11-22 14:26:47,441 : Configuration 0 Replica 3: replica 2 -> replica 3signature success 
2017-11-22 14:26:47,441 : Configuration 0 Replica 3: shuttle from replica 2 -> replica 3 is received for slot 1
2017-11-22 14:26:47,441 : Configuration 0 Replica 3: shuttle from replica 3 -> replica 4 is sent for slot 1
2017-11-22 14:26:47,441 : Configuration 0 Replica 3 : wedged req received from olympus
2017-11-22 14:26:47,441 : Configuration 0 Replica 3 : state changed to immutable
2017-11-22 14:26:47,441 : Configuration 0 Replica 3 : wedged statement sent to olympus
2017-11-22 14:26:48,456 : Configuration 0 Replica 1 : catch up msg received from olympus
2017-11-22 14:26:48,456 : Configuration 0 Replica 0 : catch up msg received from olympus
2017-11-22 14:26:48,456 : Configuration 0 Replica 1 : sent caught_up_res to olympus {0: [b'2689367b205c16ce32ed4200942b8b8b1e262dfc70d9bc9fbc77c49699a4f1df', b'6f6b', 0, 0], 1: [b'2689367b205c16ce32ed4200942b8b8b1e262dfc70d9bc9fbc77c49699a4f1df', b'6f6b', 1, 0]}
2017-11-22 14:26:48,456 : Configuration 0 Replica 2 : catch up msg received from olympus
2017-11-22 14:26:48,456 : Configuration 0 Replica 0 : sent caught_up_res to olympus {0: [b'2689367b205c16ce32ed4200942b8b8b1e262dfc70d9bc9fbc77c49699a4f1df', b'6f6b', 0, 0], 1: [b'2689367b205c16ce32ed4200942b8b8b1e262dfc70d9bc9fbc77c49699a4f1df', b'6f6b', 1, 0]}
2017-11-22 14:26:48,456 : Configuration 0 Replica 2 : sent caught_up_res to olympus {0: [b'2689367b205c16ce32ed4200942b8b8b1e262dfc70d9bc9fbc77c49699a4f1df', b'6f6b', 0, 0], 1: [b'2689367b205c16ce32ed4200942b8b8b1e262dfc70d9bc9fbc77c49699a4f1df', b'6f6b', 1, 0]}
2017-11-22 14:26:48,472 : Configuration 0 Replica 1 : Get running state msg received from olympus
2017-11-22 14:26:48,472 : Configuration 0 Replica 1 : sent running state msg to olympus
2017-11-22 14:26:49,903 : Configuration 1 Replica 0: new config from olympus
2017-11-22 14:26:49,903 : Configuration 1 Replica 0 : new_configuration failure triggered 
2017-11-22 14:26:49,903 : Configuration 1 Replica 0 : drop (ignoring) the incoing msg
2017-11-22 14:26:49,903 : Configuration 1 Replica 1: new config from olympus
2017-11-22 14:26:49,903 : Configuration 1 Replica change state to active
2017-11-22 14:26:49,903 : Configuration 1 Replica 2: new config from olympus
2017-11-22 14:26:49,903 : Configuration 1 Replica change state to active
2017-11-22 14:26:49,903 : Configuration 1 Replica 3: new config from olympus
2017-11-22 14:26:49,903 : Configuration 1 Replica change state to active
2017-11-22 14:26:49,919 : Configuration 1 Replica 4: new config from olympus
2017-11-22 14:26:49,919 : Configuration 1 Replica change state to active
2017-11-22 14:26:49,919 : Configuration 0 Replica 0: killed
2017-11-22 14:26:49,919 : Configuration 0 Replica 1: killed
2017-11-22 14:26:49,919 : Configuration 0 Replica 2: killed
2017-11-22 14:26:49,919 : Configuration 0 Replica 3: killed
2017-11-22 14:26:49,919 : Configuration 0 Replica 4: killed
2017-11-22 14:26:49,919 :  overall failure is  {'0': ['new_configuration(0),drop()']}
2017-11-22 14:26:49,919 :  overall failure is  {'0': ['new_configuration(0),drop()']}
2017-11-22 14:26:52,929 : Configuration 1 Replica 1 : Client 1 -> Replica 1 re-transmission signature success for rid 1
2017-11-22 14:26:52,929 : Configuration 1 Replica 1 : Client 1 -> Replica 1 re-transmission msg received for rid 1
2017-11-22 14:26:52,929 : Configuration 1 Replica 1 : else condition enter
2017-11-22 14:26:52,929 : Configuration 1 Replica 1 : before sending to head
2017-11-22 14:26:52,929 : Configuration 1 Replica 2 : Client 0 -> Replica 2 re-transmission signature success for rid 1
2017-11-22 14:26:52,929 : Configuration 1 Replica 2 : Client 0 -> Replica 2 re-transmission msg received for rid 1
2017-11-22 14:26:52,929 : Configuration 1 Replica 2 : else condition enter
2017-11-22 14:26:52,929 : Configuration 1 Replica 2 : before sending to head
2017-11-22 14:26:52,929 : Configuration 1 Replica 1 : Replica 1 ->Replica 0 forward request sent for client 1 rid 1
2017-11-22 14:26:52,929 : Configuration 1 Replica 3 : Client 1 -> Replica 3 re-transmission signature success for rid 1
2017-11-22 14:26:52,929 : Configuration 1 Replica 3 : Client 1 -> Replica 3 re-transmission msg received for rid 1
2017-11-22 14:26:52,929 : Configuration 1 Replica 4 : Client 1 -> Replica 4 re-transmission signature success for rid 1
2017-11-22 14:26:52,929 : Configuration 1 Replica 3 : else condition enter
2017-11-22 14:26:52,929 : Configuration 1 Replica 4 : Client 1 -> Replica 4 re-transmission msg received for rid 1
2017-11-22 14:26:52,944 : Configuration 1 Replica 1 : Client 0 -> Replica 1 re-transmission signature success for rid 1
2017-11-22 14:26:52,944 : Configuration 1 Replica 1 : Client 0 -> Replica 1 re-transmission msg received for rid 1
2017-11-22 14:26:52,944 : Configuration 1 Replica 1 : else condition enter
2017-11-22 14:26:52,944 : Configuration 1 Replica 3 : before sending to head
2017-11-22 14:26:52,944 : Configuration 1 Replica 2 : Replica 2 ->Replica 0 forward request sent for client 0 rid 1
2017-11-22 14:26:52,944 : Configuration 1 Replica 1 : before sending to head
2017-11-22 14:26:52,944 : Configuration 1 Replica 1 : Replica 1 ->Replica 0 forward request sent for client 0 rid 1
2017-11-22 14:26:52,929 : Configuration 1 Replica 4 : else condition enter
2017-11-22 14:26:52,944 : Configuration 1 Replica 3 : Replica 3 ->Replica 0 forward request sent for client 1 rid 1
2017-11-22 14:26:52,944 : Configuration 1 Replica 2 : Client 1 -> Replica 2 re-transmission signature success for rid 1
2017-11-22 14:26:52,944 : Configuration 1 Replica 2 : Client 1 -> Replica 2 re-transmission msg received for rid 1
2017-11-22 14:26:52,944 : Configuration 1 Replica 2 : else condition enter
2017-11-22 14:26:52,944 : Configuration 1 Replica 2 : before sending to head
2017-11-22 14:26:52,944 : Configuration 1 Replica 2 : Replica 2 ->Replica 0 forward request sent for client 1 rid 1
2017-11-22 14:26:52,944 : Configuration 1 Replica 3 : Client 0 -> Replica 3 re-transmission signature success for rid 1
2017-11-22 14:26:52,944 : Configuration 1 Replica 3 : Client 0 -> Replica 3 re-transmission msg received for rid 1
2017-11-22 14:26:52,944 : Configuration 1 Replica 3 : else condition enter
2017-11-22 14:26:52,944 : Configuration 1 Replica 3 : before sending to head
2017-11-22 14:26:52,944 : Configuration 1 Replica 3 : Replica 3 ->Replica 0 forward request sent for client 0 rid 1
2017-11-22 14:26:52,960 : Configuration 1 Replica 4 : Replica 4 ->Replica 0 forward request sent for client 1 rid 1
2017-11-22 14:26:52,960 : Configuration 1 Replica 4 : Client 0 -> Replica 4 re-transmission signature success for rid 1
2017-11-22 14:26:52,960 : Configuration 1 Replica 4 : Client 0 -> Replica 4 re-transmission msg received for rid 1
2017-11-22 14:26:52,960 : Configuration 1 Replica 4 : else condition enter
2017-11-22 14:26:52,960 : Configuration 1 Replica 4 : before sending to head
2017-11-22 14:26:52,960 : Configuration 1 Replica 4 : Replica 4 ->Replica 0 forward request sent for client 0 rid 1
2017-11-22 14:26:55,947 : Configuration 1 Replica 3 : Replica 3 -> Olympus proof of misbehaviour : cached result time out for client 0 rid 1
2017-11-22 14:26:55,947 : Configuration 1 Replica 2 : Replica 2 -> Olympus proof of misbehaviour : cached result time out for client 1 rid 1
2017-11-22 14:26:55,947 : Configuration 1 Replica 1 : wedged req received from olympus
2017-11-22 14:26:55,947 : Configuration 1 Replica 1 : state changed to immutable
2017-11-22 14:26:55,947 : Configuration 1 Replica 1 : wedged statement sent to olympus
2017-11-22 14:26:55,947 : Configuration 1 Replica 2 : wedged req received from olympus
2017-11-22 14:26:55,947 : Configuration 1 Replica 2 : state changed to immutable
2017-11-22 14:26:55,947 : Configuration 1 Replica 3 : wedged req received from olympus
2017-11-22 14:26:55,947 : Configuration 1 Replica 3 : state changed to immutable
2017-11-22 14:26:55,947 : Configuration 1 Replica 4 : wedged req received from olympus
2017-11-22 14:26:55,947 : Configuration 1 Replica 3 : wedged statement sent to olympus
2017-11-22 14:26:55,947 : Configuration 1 Replica 4 : state changed to immutable
2017-11-22 14:26:55,947 : Configuration 1 Replica 2 : wedged statement sent to olympus
2017-11-22 14:26:55,947 : Configuration 1 Replica 4 : wedged statement sent to olympus
2017-11-22 14:26:56,967 : Configuration 1 Replica 1 : catch up msg received from olympus
2017-11-22 14:26:56,967 : Configuration 1 Replica 1 : sent caught_up_res to olympus {}
2017-11-22 14:26:56,967 : Configuration 1 Replica 2 : catch up msg received from olympus
2017-11-22 14:26:56,967 : Configuration 1 Replica 2 : sent caught_up_res to olympus {}
2017-11-22 14:26:56,967 : Configuration 1 Replica 3 : catch up msg received from olympus
2017-11-22 14:26:56,967 : Configuration 1 Replica 3 : sent caught_up_res to olympus {}
2017-11-22 14:26:56,983 : Configuration 1 Replica 1 : Get running state msg received from olympus
2017-11-22 14:26:56,983 : Configuration 1 Replica 1 : sent running state msg to olympus
2017-11-22 14:26:58,397 : Configuration 2 Replica 0: new config from olympus
2017-11-22 14:26:58,397 : Configuration 2 Replica change state to active
2017-11-22 14:26:58,397 : Configuration 2 Replica 2: new config from olympus
2017-11-22 14:26:58,397 : Configuration 2 Replica change state to active
2017-11-22 14:26:58,397 : Configuration 2 Replica 1: new config from olympus
2017-11-22 14:26:58,397 : Configuration 2 Replica change state to active
2017-11-22 14:26:58,397 : Configuration 2 Replica 3: new config from olympus
2017-11-22 14:26:58,397 : Configuration 2 Replica change state to active
2017-11-22 14:26:58,397 : Configuration 2 Replica 4: new config from olympus
2017-11-22 14:26:58,397 : Configuration 2 Replica change state to active
2017-11-22 14:26:58,412 : Configuration 1 Replica 0: killed
2017-11-22 14:26:58,412 : Configuration 1 Replica 2: killed
2017-11-22 14:26:58,412 : Configuration 1 Replica 1: killed
2017-11-22 14:26:58,412 : Configuration 1 Replica 3: killed
2017-11-22 14:26:58,412 : Configuration 1 Replica 4: killed
2017-11-22 14:26:58,412 : Configuration 2 Replica 1 : Client 0 -> Replica 1 re-transmission signature success for rid 1
2017-11-22 14:26:58,412 : Configuration 2 Replica 1 : Client 0 -> Replica 1 re-transmission msg received for rid 1
2017-11-22 14:26:58,412 : Configuration 2 Replica 1 : else condition enter
2017-11-22 14:26:58,412 : Configuration 2 Replica 0 : Client 0 -> Replica 0 re-transmission signature success for rid 1
2017-11-22 14:26:58,412 : Configuration 2 Replica 0 : Client 0 -> Replica 0 re-transmission msg received for rid 1
2017-11-22 14:26:58,412 : Configuration 2 Replica 2 : Client 0 -> Replica 2 re-transmission signature success for rid 1
2017-11-22 14:26:58,412 : Configuration 2 Replica 0 : else condition enter
2017-11-22 14:26:58,412 : Configuration 2 Replica 2 : Client 0 -> Replica 2 re-transmission msg received for rid 1
2017-11-22 14:26:58,412 : Configuration 2 Replica 2 : else condition enter
2017-11-22 14:26:58,412 : Configuration 2 Replica 2 : before sending to head
2017-11-22 14:26:58,428 : Configuration 2 Replica 1 : Replica 1 ->Replica 0 forward request sent for client 0 rid 1
2017-11-22 14:26:58,428 : Configuration 2 Replica 2 : Replica 2 ->Replica 0 forward request sent for client 0 rid 1
2017-11-22 14:26:58,428 : Configuration 2 Replica 4 : Client 1 -> Replica 4 re-transmission signature success for rid 1
2017-11-22 14:26:58,428 : Configuration 2 Replica 4 : Client 1 -> Replica 4 re-transmission msg received for rid 1
2017-11-22 14:26:58,428 : Configuration 2 Replica 4 : else condition enter
2017-11-22 14:26:58,428 : Configuration 2 Replica 4 : before sending to head
2017-11-22 14:26:58,428 : Configuration 2 Replica 3 : Client 1 -> Replica 3 re-transmission signature success for rid 1
2017-11-22 14:26:58,428 : Configuration 2 Replica 3 : Client 1 -> Replica 3 re-transmission msg received for rid 1
2017-11-22 14:26:58,428 : Configuration 2 Replica 3 : else condition enter
2017-11-22 14:26:58,428 : Configuration 2 Replica 1 : Client 1 -> Replica 1 re-transmission signature success for rid 1
2017-11-22 14:26:58,428 : Configuration 2 Replica 1 : Client 1 -> Replica 1 re-transmission msg received for rid 1
2017-11-22 14:26:58,428 : Configuration 2 Replica 1 : else condition enter
2017-11-22 14:26:58,428 : Configuration 2 Replica 2 : Client 1 -> Replica 2 re-transmission signature success for rid 1
2017-11-22 14:26:58,428 : Configuration 2 Replica 3 : before sending to head
2017-11-22 14:26:58,428 : Configuration 2 Replica 2 : Client 1 -> Replica 2 re-transmission msg received for rid 1
2017-11-22 14:26:58,428 : Configuration 2 Replica 2 : else condition enter
2017-11-22 14:26:58,428 : Configuration 2 Replica 1 : before sending to head
2017-11-22 14:26:58,428 : Configuration 2 Replica 2 : before sending to head
2017-11-22 14:26:58,428 : Configuration 2 Replica 4 : Replica 4 ->Replica 0 forward request sent for client 1 rid 1
2017-11-22 14:26:58,428 : Configuration 2 Replica 2 : Replica 2 ->Replica 0 forward request sent for client 1 rid 1
2017-11-22 14:26:58,428 : Configuration 2 Replica 0 : Client 1 -> Replica 0 re-transmission signature success for rid 1
2017-11-22 14:26:58,428 : Configuration 2 Replica 0 : Client 1 -> Replica 0 re-transmission msg received for rid 1
2017-11-22 14:26:58,428 : Configuration 2 Replica 0 : else condition enter
2017-11-22 14:26:58,428 : Configuration 2 Replica 4 : Client 0 -> Replica 4 re-transmission signature success for rid 1
2017-11-22 14:26:58,428 : Configuration 2 Replica 4 : Client 0 -> Replica 4 re-transmission msg received for rid 1
2017-11-22 14:26:58,428 : Configuration 2 Replica 4 : else condition enter
2017-11-22 14:26:58,428 : Configuration 2 Replica 4 : before sending to head
2017-11-22 14:26:58,428 : Configuration 2 Replica 3 : Replica 3 ->Replica 0 forward request sent for client 1 rid 1
2017-11-22 14:26:58,428 : Configuration 2 Replica 0 : Replica 1 -> Replica 0 forward-req signature success for rid 1
2017-11-22 14:26:58,428 : Configuration 2 Replica 4 : Replica 4 ->Replica 0 forward request sent for client 0 rid 1
2017-11-22 14:26:58,428 : Configuration 2 Replica 0 received forwarded request from 1 by client 0 rid 1
2017-11-22 14:26:58,428 : Configuration 2 Replica 0: Replica 0 doesn't have the slot for Client 0  rid 1
2017-11-22 14:26:58,428 : Configuration 2 Replica 0: Replica 0 has sent request for Client 0  rid 1 to Replica0 
2017-11-22 14:26:58,428 : Configuration 2 Replica 0: Replica 0 has started the timer
2017-11-22 14:26:58,428 : Configuration 2 Replica 3 : Client 0 -> Replica 3 re-transmission signature success for rid 1
2017-11-22 14:26:58,428 : Configuration 2 Replica 3 : Client 0 -> Replica 3 re-transmission msg received for rid 1
2017-11-22 14:26:58,428 : Configuration 2 Replica 3 : else condition enter
2017-11-22 14:26:58,428 : Configuration 2 Replica 3 : before sending to head
2017-11-22 14:26:58,443 : Configuration 2 Replica 3 : Replica 3 ->Replica 0 forward request sent for client 0 rid 1
2017-11-22 14:26:58,443 : Configuration 2 Replica 0 : Replica 2 -> Replica 0 forward-req signature success for rid 1
2017-11-22 14:26:58,443 : Configuration 2 Replica 0 received forwarded request from 2 by client 0 rid 1
2017-11-22 14:26:58,443 : Configuration 2 Replica 0: Replica 0 doesn't have the slot for Client 0  rid 1
2017-11-22 14:26:58,443 : Configuration 2 Replica 0: Replica 0 has sent request for Client 0  rid 1 to Replica0 
2017-11-22 14:26:58,443 : Configuration 2 Replica 0: Replica 0 has started the timer
2017-11-22 14:26:58,443 : Configuration 2 Replica 0 : Replica 4 -> Replica 0 forward-req signature success for rid 1
2017-11-22 14:26:58,443 : Configuration 2 Replica 0 received forwarded request from 4 by client 1 rid 1
2017-11-22 14:26:58,443 : Configuration 2 Replica 0: Replica 0 doesn't have the slot for Client 1  rid 1
2017-11-22 14:26:58,443 : Configuration 2 Replica 0: Replica 0 has sent request for Client 1  rid 1 to Replica0 
2017-11-22 14:26:58,443 : Configuration 2 Replica 0: Replica 0 has started the timer
2017-11-22 14:26:58,443 : Configuration 2 Replica 0 : Replica 1 -> Replica 0 forward-req signature success for rid 1
2017-11-22 14:26:58,443 : Configuration 2 Replica 0 received forwarded request from 1 by client 1 rid 1
2017-11-22 14:26:58,443 : Configuration 2 Replica 0: Replica 0 doesn't have the slot for Client 1  rid 1
2017-11-22 14:26:58,459 : Configuration 2 Replica 0: Replica 0 has sent request for Client 1  rid 1 to Replica0 
2017-11-22 14:26:58,459 : Configuration 2 Replica 0: Replica 0 has started the timer
2017-11-22 14:26:58,459 : Configuration 2 Replica 0 : Replica 2 -> Replica 0 forward-req signature success for rid 1
2017-11-22 14:26:58,459 : Configuration 2 Replica 0 received forwarded request from 2 by client 1 rid 1
2017-11-22 14:26:58,459 : Configuration 2 Replica 0: Replica 0 doesn't have the slot for Client 1  rid 1
2017-11-22 14:26:58,459 : Configuration 2 Replica 0: Replica 0 has sent request for Client 1  rid 1 to Replica0 
2017-11-22 14:26:58,459 : Configuration 2 Replica 0: Replica 0 has started the timer
2017-11-22 14:26:58,459 : Configuration 2 Replica 0 : Replica 3 -> Replica 0 forward-req signature success for rid 1
2017-11-22 14:26:58,459 : Configuration 2 Replica 0 received forwarded request from 3 by client 1 rid 1
2017-11-22 14:26:58,472 : Configuration 2 Replica 0: Replica 0 doesn't have the slot for Client 1  rid 1
2017-11-22 14:26:58,472 : Configuration 2 Replica 0: Replica 0 has sent request for Client 1  rid 1 to Replica0 
2017-11-22 14:26:58,472 : Configuration 2 Replica 0: Replica 0 has started the timer
2017-11-22 14:26:58,472 : Configuration 2 Replica 0 : Replica 4 -> Replica 0 forward-req signature success for rid 1
2017-11-22 14:26:58,472 : Configuration 2 Replica 0 received forwarded request from 4 by client 0 rid 1
2017-11-22 14:26:58,472 : Configuration 2 Replica 0: Replica 0 doesn't have the slot for Client 0  rid 1
2017-11-22 14:26:58,472 : Configuration 2 Replica 0: Replica 0 has sent request for Client 0  rid 1 to Replica0 
2017-11-22 14:26:58,472 : Configuration 2 Replica 0: Replica 0 has started the timer
2017-11-22 14:26:58,472 : Configuration 2 Replica 0:  replica 0 -> replica 1 for slot 0
2017-11-22 14:26:58,488 : Configuration 2 Replica 0 : Replica 3 -> Replica 0 forward-req signature success for rid 1
2017-11-22 14:26:58,488 : Configuration 2 Replica 0 received forwarded request from 3 by client 0 rid 1
2017-11-22 14:26:58,488 : Configuration 2 Replica 0: Replica 0 has started timer
2017-11-22 14:26:58,488 : Configuration 2 Replica 1: replica 0 -> replica 1signature success 
2017-11-22 14:26:58,488 : Configuration 2 Replica 1: shuttle from replica 0 -> replica 1 is received for slot 0
2017-11-22 14:26:58,488 : Configuration 2 Replica 0:  replica 0 -> replica 1 for slot 1
2017-11-22 14:26:58,488 : Configuration 2 Replica 1: shuttle from replica 1 -> replica 2 is sent for slot 0
2017-11-22 14:26:58,488 : Configuration 2 Replica 2: replica 1 -> replica 2signature success 
2017-11-22 14:26:58,503 : Configuration 2 Replica 2: shuttle from replica 1 -> replica 2 is received for slot 0
2017-11-22 14:26:58,503 : Configuration 2 Replica 0:  replica 0 -> replica 1 for slot 2
2017-11-22 14:26:58,503 : Configuration 2 Replica 1: replica 0 -> replica 1signature success 
2017-11-22 14:26:58,503 : Configuration 2 Replica 1: shuttle from replica 0 -> replica 1 is received for slot 1
2017-11-22 14:26:58,503 : Configuration 2 Replica 1: shuttle from replica 1 -> replica 2 is sent for slot 1
2017-11-22 14:26:58,503 : Configuration 2 Replica 2: shuttle from replica 2 -> replica 3 is sent for slot 0
2017-11-22 14:26:58,503 : Configuration 2 Replica 0:  replica 0 -> replica 1 for slot 3
2017-11-22 14:26:58,503 : Configuration 2 Replica 1: replica 0 -> replica 1signature success 
2017-11-22 14:26:58,503 : Configuration 2 Replica 1: shuttle from replica 0 -> replica 1 is received for slot 2
2017-11-22 14:26:58,503 : Configuration 2 Replica 2: replica 1 -> replica 2signature success 
2017-11-22 14:26:58,503 : Configuration 2 Replica 2: shuttle from replica 1 -> replica 2 is received for slot 1
2017-11-22 14:26:58,503 : Configuration 2 Replica 3: replica 2 -> replica 3signature success 
2017-11-22 14:26:58,503 : Configuration 2 Replica 3: shuttle from replica 2 -> replica 3 is received for slot 0
2017-11-22 14:26:58,503 : Configuration 2 Replica 1: shuttle from replica 1 -> replica 2 is sent for slot 2
2017-11-22 14:26:58,503 : Configuration 2 Replica 0:  replica 0 -> replica 1 for slot 4
2017-11-22 14:26:58,519 : Configuration 2 Replica 2: shuttle from replica 2 -> replica 3 is sent for slot 1
2017-11-22 14:26:58,519 : Configuration 2 Replica 3: shuttle from replica 3 -> replica 4 is sent for slot 0
2017-11-22 14:26:58,519 : Configuration 2 Replica 1: replica 0 -> replica 1signature success 
2017-11-22 14:26:58,519 : Configuration 2 Replica 1: shuttle from replica 0 -> replica 1 is received for slot 3
2017-11-22 14:26:58,519 : Configuration 2 Replica 0:  replica 0 -> replica 1 for slot 5
2017-11-22 14:26:58,519 : Configuration 2 Replica 2: replica 1 -> replica 2signature success 
2017-11-22 14:26:58,519 : Configuration 2 Replica 2: shuttle from replica 1 -> replica 2 is received for slot 2
2017-11-22 14:26:58,519 : Configuration 2 Replica 3: replica 2 -> replica 3signature success 
2017-11-22 14:26:58,519 : Configuration 2 Replica 3: shuttle from replica 2 -> replica 3 is received for slot 1
2017-11-22 14:26:58,519 : Configuration 2 Replica 2: shuttle from replica 2 -> replica 3 is sent for slot 2
2017-11-22 14:26:58,519 : Configuration 2 Replica 1: shuttle from replica 1 -> replica 2 is sent for slot 3
2017-11-22 14:26:58,519 : Configuration 2 Replica 0:  replica 0 -> replica 1 for slot 6
2017-11-22 14:26:58,519 : Configuration 2 Replica 3: shuttle from replica 3 -> replica 4 is sent for slot 1
2017-11-22 14:26:58,535 : Configuration 2 Replica 4: replica 3 -> replica 4signature success 
2017-11-22 14:26:58,535 : Configuration 2 Replica 4: shuttle from replica 3 -> replica 4 is received for slot 0
2017-11-22 14:26:58,535 : Configuration 2 Replica 1: replica 0 -> replica 1signature success 
2017-11-22 14:26:58,535 : Configuration 2 Replica 1: shuttle from replica 0 -> replica 1 is received for slot 4
2017-11-22 14:26:58,535 : Configuration 2 Replica 3: replica 2 -> replica 3signature success 
2017-11-22 14:26:58,535 : Configuration 2 Replica 3: shuttle from replica 2 -> replica 3 is received for slot 2
2017-11-22 14:26:58,535 : Configuration 2 Replica 1: shuttle from replica 1 -> replica 2 is sent for slot 4
2017-11-22 14:26:58,535 : Configuration 2 Replica 3: shuttle from replica 3 -> replica 4 is sent for slot 2
2017-11-22 14:26:58,535 : Configuration 2 Replica 4: result shuttle  from tail  -> replica 3 is sent for slot 0
2017-11-22 14:26:58,535 : Configuration 2 Replica 3 : Replica 4 -> Replica 3 signature success
2017-11-22 14:26:58,535 : Configuration 2 Replica 3 Reshult_shuttle cached for slot 0
2017-11-22 14:26:58,535 : Configuration 2 Replica 4: result from tail  -> client 0 is sent for slot 0
2017-11-22 14:26:58,535 : Configuration 2 Replica 4 : Replica 4 -> Client 0 cached result arrived before timeout and sent to client for rid 1
2017-11-22 14:26:58,535 : Configuration 2 Replica 1: replica 0 -> replica 1signature success 
2017-11-22 14:26:58,535 : Configuration 2 Replica 1: shuttle from replica 0 -> replica 1 is received for slot 5
2017-11-22 14:26:58,535 : Configuration 2 Replica 1: shuttle from replica 1 -> replica 2 is sent for slot 5
2017-11-22 14:26:58,550 : Configuration 2 Replica 4: replica 3 -> replica 4signature success 
2017-11-22 14:26:58,550 : Configuration 2 Replica 4: shuttle from replica 3 -> replica 4 is received for slot 1
2017-11-22 14:26:58,550 : Configuration 2 Replica 4: result shuttle  from tail  -> replica 3 is sent for slot 1
2017-11-22 14:26:58,550 : Configuration 2 Replica 1: replica 0 -> replica 1signature success 
2017-11-22 14:26:58,550 : Configuration 2 Replica 1: shuttle from replica 0 -> replica 1 is received for slot 6
2017-11-22 14:26:58,550 : Configuration 2 Replica 4: result from tail  -> client 0 is sent for slot 1
2017-11-22 14:26:58,550 : Configuration 2 Replica 3 : Replica 4 -> Replica 3 signature success
2017-11-22 14:26:58,550 : Configuration 2 Replica 3 Reshult_shuttle cached for slot 1
2017-11-22 14:26:58,550 : Configuration 2 Replica 1: shuttle from replica 1 -> replica 2 is sent for slot 6
2017-11-22 14:26:58,550 : Configuration 2 Replica 4: replica 3 -> replica 4signature success 
2017-11-22 14:26:58,550 : Configuration 2 Replica 4: shuttle from replica 3 -> replica 4 is received for slot 2
2017-11-22 14:26:58,550 : Configuration 2 Replica 3 : Replica 3 -> Client 0 cached result arrived before timeout and sent to client for rid 1
2017-11-22 14:26:58,535 : Configuration 2 Replica 2: replica 1 -> replica 2signature success 
2017-11-22 14:26:58,550 : Configuration 2 Replica 2: shuttle from replica 1 -> replica 2 is received for slot 3
2017-11-22 14:26:58,550 : Configuration 2 Replica 4: result shuttle  from tail  -> replica 3 is sent for slot 2
2017-11-22 14:26:58,550 :  overall failure is  {}
2017-11-22 14:26:58,566 : Configuration 2 Replica 3 : Replica 4 -> Replica 3 signature success
2017-11-22 14:26:58,566 : Configuration 2 Replica 3 Reshult_shuttle cached for slot 2
2017-11-22 14:26:58,566 : Configuration 2 Replica 4: result from tail  -> client 1 is sent for slot 2
2017-11-22 14:26:58,566 : Configuration 2 Replica 4 : Replica 4 -> Client 1 cached result arrived before timeout and sent to client for rid 1
2017-11-22 14:26:58,566 : Configuration 2 Replica 0:  client 0 -head signature success for rid 2
2017-11-22 14:26:58,566 : Configuration 2 Replica 2: shuttle from replica 2 -> replica 3 is sent for slot 3
2017-11-22 14:26:58,566 : Configuration 2 Replica 0: checkpoint occured for slot 5
2017-11-22 14:26:58,566 : 6 , {'movie': 'star wars wars wars', 'jedi': 'luke'}
2017-11-22 14:26:58,566 : Configuration 2 Replica 3 : Replica 3 -> Client 1 cached result arrived before timeout and sent to client for rid 1
2017-11-22 14:26:58,566 : Configuration 2 Replica 0:  replica 0 -> replica 1 checkpoint proof sent for slot 5
2017-11-22 14:26:58,566 : Configuration 2 Replica 1: replica 0 -> replica 1signature success 
2017-11-22 14:26:58,566 : After fws ckp 6 , {'movie': 'star wars wars wars', 'jedi': 'luke'}
2017-11-22 14:26:58,566 : Configuration 2 Replica 1 checkpoint proof added for slot: 6
2017-11-22 14:26:58,566 : Configuration 2 Replica 0:  replica 0 -> replica 1 for slot 7
2017-11-22 14:26:58,566 : Configuration 2 Replica 1 checkpoint proof sent to replica: 2
2017-11-22 14:26:58,566 : Configuration 2 Replica 3: replica 2 -> replica 3signature success 
2017-11-22 14:26:58,566 : Configuration 2 Replica 3: shuttle from replica 2 -> replica 3 is received for slot 3
2017-11-22 14:26:58,566 : Configuration 2 Replica 2: replica 1 -> replica 2signature success 
2017-11-22 14:26:58,566 : Configuration 2 Replica 2: shuttle from replica 1 -> replica 2 is received for slot 4
2017-11-22 14:26:58,566 : Configuration 2 Replica 3: shuttle from replica 3 -> replica 4 is sent for slot 3
2017-11-22 14:26:58,582 : Configuration 2 Replica 2: shuttle from replica 2 -> replica 3 is sent for slot 4
2017-11-22 14:26:58,582 : Configuration 2 Replica 4: replica 3 -> replica 4signature success 
2017-11-22 14:26:58,582 : Configuration 2 Replica 4: shuttle from replica 3 -> replica 4 is received for slot 3
2017-11-22 14:26:58,582 : Configuration 2 Replica 2 : Replica 3 -> Replica 2 signature success
2017-11-22 14:26:58,582 : Configuration 2 Replica 2 Reshult_shuttle cached for slot 0
2017-11-22 14:26:58,582 : Configuration 2 Replica 3: replica 2 -> replica 3signature success 
2017-11-22 14:26:58,582 : Configuration 2 Replica 4: result shuttle  from tail  -> replica 3 is sent for slot 3
2017-11-22 14:26:58,582 : Configuration 2 Replica 3: shuttle from replica 2 -> replica 3 is received for slot 4
2017-11-22 14:26:58,582 : Configuration 2 Replica 4: result from tail  -> client 1 is sent for slot 3
2017-11-22 14:26:58,582 : Configuration 2 Replica 3: shuttle from replica 3 -> replica 4 is sent for slot 4
2017-11-22 14:26:58,582 : Configuration 2 Replica 3 : Replica 4 -> Replica 3 signature success
2017-11-22 14:26:58,582 : Configuration 2 Replica 3 Reshult_shuttle cached for slot 3
2017-11-22 14:26:58,597 : Configuration 2 Replica 4: replica 3 -> replica 4signature success 
2017-11-22 14:26:58,597 : Configuration 2 Replica 4: shuttle from replica 3 -> replica 4 is received for slot 4
2017-11-22 14:26:58,597 : Configuration 2 Replica 2: replica 1 -> replica 2signature success 
2017-11-22 14:26:58,597 : Configuration 2 Replica 2: shuttle from replica 1 -> replica 2 is received for slot 5
2017-11-22 14:26:58,597 : Configuration 2 Replica 4: result shuttle  from tail  -> replica 3 is sent for slot 4
2017-11-22 14:26:58,597 : Configuration 2 Replica 4: result from tail  -> client 1 is sent for slot 4
2017-11-22 14:26:58,597 : Configuration 2 Replica 3 : Replica 4 -> Replica 3 signature success
2017-11-22 14:26:58,597 : Configuration 2 Replica 2: shuttle from replica 2 -> replica 3 is sent for slot 5
2017-11-22 14:26:58,597 : Configuration 2 Replica 3 Reshult_shuttle cached for slot 4
2017-11-22 14:26:58,597 : Configuration 2 Replica 2: replica 1 -> replica 2signature success 
2017-11-22 14:26:58,597 : Configuration 2 Replica 2: shuttle from replica 1 -> replica 2 is received for slot 6
2017-11-22 14:26:58,597 : Configuration 2 Replica 3: replica 2 -> replica 3signature success 
2017-11-22 14:26:58,597 : Configuration 2 Replica 3: shuttle from replica 2 -> replica 3 is received for slot 5
2017-11-22 14:26:58,597 : Configuration 2 Replica 1: replica 0 -> replica 1signature success 
2017-11-22 14:26:58,597 : Configuration 2 Replica 1: shuttle from replica 0 -> replica 1 is received for slot 7
2017-11-22 14:26:58,597 : Configuration 2 Replica 2: shuttle from replica 2 -> replica 3 is sent for slot 6
2017-11-22 14:26:58,613 : Configuration 2 Replica 3: shuttle from replica 3 -> replica 4 is sent for slot 5
2017-11-22 14:26:58,613 : Configuration 2 Replica 1: shuttle from replica 1 -> replica 2 is sent for slot 7
2017-11-22 14:26:58,613 : Configuration 2 Replica 1 : Replica 2 -> Replica 1 signature success
2017-11-22 14:26:58,613 : Configuration 2 Replica 1 Reshult_shuttle cached for slot 0
2017-11-22 14:26:58,613 : Configuration 2 Replica 3: replica 2 -> replica 3signature success 
2017-11-22 14:26:58,613 : Configuration 2 Replica 4: replica 3 -> replica 4signature success 
2017-11-22 14:26:58,613 : Configuration 2 Replica 3: shuttle from replica 2 -> replica 3 is received for slot 6
2017-11-22 14:26:58,613 : Configuration 2 Replica 4: shuttle from replica 3 -> replica 4 is received for slot 5
2017-11-22 14:26:58,613 : Configuration 2 Replica 4: result shuttle  from tail  -> replica 3 is sent for slot 5
2017-11-22 14:26:58,613 : Configuration 2 Replica 3: shuttle from replica 3 -> replica 4 is sent for slot 6
2017-11-22 14:26:58,613 : Configuration 2 Replica 0 : Replica 1 -> Replica 0 signature success
2017-11-22 14:26:58,613 : Configuration 2 Replica 0 Reshult_shuttle cached for slot 0
2017-11-22 14:26:58,613 : Configuration 2 Replica 4: result from tail  -> client 1 is sent for slot 5
2017-11-22 14:26:58,613 : Configuration 2 Replica 0 Reshult_shuttle reached head
2017-11-22 14:26:58,613 : Configuration 2 Replica 3 : Replica 4 -> Replica 3 signature success
2017-11-22 14:26:58,613 : Configuration 2 Replica 3 Reshult_shuttle cached for slot 5
2017-11-22 14:26:58,613 : Configuration 2 Replica 2 : Replica 3 -> Replica 2 signature success
2017-11-22 14:26:58,613 : Configuration 2 Replica 2 Reshult_shuttle cached for slot 1
2017-11-22 14:26:58,613 : Configuration 2 Replica 4: replica 3 -> replica 4signature success 
2017-11-22 14:26:58,613 : Configuration 2 Replica 4: shuttle from replica 3 -> replica 4 is received for slot 6
2017-11-22 14:26:58,628 : Configuration 2 Replica 2 : Replica 3 -> Replica 2 signature success
2017-11-22 14:26:58,628 : Configuration 2 Replica 4: result shuttle  from tail  -> replica 3 is sent for slot 6
2017-11-22 14:26:58,628 : Configuration 2 Replica 1 : Replica 2 -> Replica 1 signature success
2017-11-22 14:26:58,628 : Configuration 2 Replica 2 Reshult_shuttle cached for slot 2
2017-11-22 14:26:58,628 : Configuration 2 Replica 1 Reshult_shuttle cached for slot 1
2017-11-22 14:26:58,628 : Configuration 2 Replica 3 : Replica 4 -> Replica 3 signature success
2017-11-22 14:26:58,628 : Configuration 2 Replica 3 Reshult_shuttle cached for slot 6
2017-11-22 14:26:58,628 : Configuration 2 Replica 2: replica 1 -> replica 2signature success 
2017-11-22 14:26:58,628 : Configuration 2 Replica 4: result from tail  -> client 0 is sent for slot 6
2017-11-22 14:26:58,628 : Configuration 2 Replica 1 : Replica 2 -> Replica 1 signature success
2017-11-22 14:26:58,628 : Configuration 2 Replica 1 Reshult_shuttle cached for slot 2
2017-11-22 14:26:58,628 : Configuration 2 Replica 2 : Replica 3 -> Replica 2 signature success
2017-11-22 14:26:58,628 : Configuration 2 Replica 0 : Replica 1 -> Replica 0 signature success
2017-11-22 14:26:58,628 : Configuration 2 Replica 2 Reshult_shuttle cached for slot 3
2017-11-22 14:26:58,628 : Configuration 2 Replica 0 Reshult_shuttle cached for slot 1
2017-11-22 14:26:58,628 : Configuration 2 Replica 0 Reshult_shuttle reached head
2017-11-22 14:26:58,628 : After fws ckp 6 , {'movie': 'star wars wars wars', 'jedi': 'luke'}
2017-11-22 14:26:58,628 : Configuration 2 Replica 2 checkpoint proof added for slot: 6
2017-11-22 14:26:58,628 : Configuration 2 Replica 0 : Replica 1 -> Replica 0 signature success
2017-11-22 14:26:58,628 : Configuration 2 Replica 2 checkpoint proof sent to replica: 3
2017-11-22 14:26:58,628 : Configuration 2 Replica 0 Reshult_shuttle cached for slot 2
2017-11-22 14:26:58,628 : Configuration 2 Replica 0 Reshult_shuttle reached head
2017-11-22 14:26:58,628 : Configuration 2 Replica 1 : Replica 2 -> Replica 1 signature success
2017-11-22 14:26:58,628 : Configuration 2 Replica 1 Reshult_shuttle cached for slot 3
2017-11-22 14:26:58,644 : Configuration 2 Replica 2 : Replica 3 -> Replica 2 signature success
2017-11-22 14:26:58,644 : Configuration 2 Replica 2 Reshult_shuttle cached for slot 4
2017-11-22 14:26:58,644 : Configuration 2 Replica 3: replica 2 -> replica 3signature success 
2017-11-22 14:26:58,644 : Configuration 2 Replica 0 : Replica 1 -> Replica 0 signature success
2017-11-22 14:26:58,644 : Configuration 2 Replica 0 Reshult_shuttle cached for slot 3
2017-11-22 14:26:58,644 : Configuration 2 Replica 0 Reshult_shuttle reached head
2017-11-22 14:26:58,644 : After fws ckp 6 , {'movie': 'star wars wars wars', 'jedi': 'luke'}
2017-11-22 14:26:58,644 : Configuration 2 Replica 3 checkpoint proof added for slot: 6
2017-11-22 14:26:58,644 : Configuration 2 Replica 1 : Replica 2 -> Replica 1 signature success
2017-11-22 14:26:58,644 : Configuration 2 Replica 1 Reshult_shuttle cached for slot 4
2017-11-22 14:26:58,644 : Configuration 2 Replica 2: replica 1 -> replica 2signature success 
2017-11-22 14:26:58,644 : Configuration 2 Replica 3 checkpoint proof sent to replica: 4
2017-11-22 14:26:58,644 : Configuration 2 Replica 2: shuttle from replica 1 -> replica 2 is received for slot 7
2017-11-22 14:26:58,644 : Configuration 2 Replica 4: replica 3 -> replica 4signature success 
2017-11-22 14:26:58,644 : After fws ckp 6 , {'movie': 'star wars wars wars', 'jedi': 'luke'}
2017-11-22 14:26:58,644 : Configuration 2 Replica 0 : Replica 1 -> Replica 0 signature success
2017-11-22 14:26:58,644 : Configuration 2 Replica 4 checkpoint proof added for slot: 6
2017-11-22 14:26:58,644 : Configuration 2 Replica 0 Reshult_shuttle cached for slot 4
2017-11-22 14:26:58,644 : Configuration 2 Replica 0 Reshult_shuttle reached head
2017-11-22 14:26:58,644 : Configuration 2 Replica 2: shuttle from replica 2 -> replica 3 is sent for slot 7
2017-11-22 14:26:58,644 : Configuration 2 Replica 4 history = {0: ["append('movie',' wars')", 0, 1], 1: ["append('movie',' wars')", 0, 1], 2: ["slice('jedi','0:4')", 1, 1], 3: ["slice('jedi','0:4')", 1, 1], 4: ["slice('jedi','0:4')", 1, 1], 5: ["slice('jedi','0:4')", 1, 1], 6: ["append('movie',' wars')", 0, 1]} slot upto to be del 5 wedged hist {}
2017-11-22 14:26:58,644 : Configuration 2 Replica 4 History Truncated {5: ["slice('jedi','0:4')", 1, 1], 6: ["append('movie',' wars')", 0, 1]}
2017-11-22 14:26:58,644 : Configuration 2 Replica 4 Completed checkpoint proof sent to replica: 3
2017-11-22 14:26:58,644 : Configuration 2 Replica 2 : Replica 3 -> Replica 2 signature success
2017-11-22 14:26:58,644 : Configuration 2 Replica 2 Reshult_shuttle cached for slot 5
2017-11-22 14:26:58,644 : Configuration 2 Replica 3: replica 2 -> replica 3signature success 
2017-11-22 14:26:58,644 : Configuration 2 Replica 3: shuttle from replica 2 -> replica 3 is received for slot 7
2017-11-22 14:26:58,660 : Configuration 2 Replica 1 : Replica 2 -> Replica 1 signature success
2017-11-22 14:26:58,660 : Configuration 2 Replica 1 Reshult_shuttle cached for slot 5
2017-11-22 14:26:58,660 : Configuration 2 Replica 3: shuttle from replica 3 -> replica 4 is sent for slot 7
2017-11-22 14:26:58,660 : Configuration 2 Replica 3: replica 4 -> replica 3signature success 
2017-11-22 14:26:58,660 : Configuration 2 Replica 0 : Replica 1 -> Replica 0 signature success
2017-11-22 14:26:58,660 : Configuration 2 Replica 0 Reshult_shuttle cached for slot 5
lt arrived before timeout and sent to client for rid 1
2017-11-22 14:26:58,660 : Configuration 2 Replica 0 Reshult_shuttle reached head
2017-11-22 14:26:58,660 : Configuration 2 Replica 3 history = {0: ["append('movie',' wars')", 0, 1], 1: ["append('movie',' wars')", 0, 1], 2: ["slice('jedi','0:4')", 1, 1], 3: ["slice('jedi','0:4')", 1, 1], 4: ["slice('jedi','0:4')", 1, 1], 5: ["slice('jedi','0:4')", 1, 1], 6: ["append('movie',' wars')", 0, 1], 7: ["append('movie',' wars')", 0, 2]} slot upto to be del 5 wedged hist {}
2017-11-22 14:26:58,660 : Configuration 2 Replica 3 History Truncated {5: ["slice('jedi','0:4')", 1, 1], 6: ["append('movie',' wars')", 0, 1], 7: ["append('movie',' wars')", 0, 2]}
2017-11-22 14:26:58,660 : Configuration 2 Replica 2 : Replica 2 -> Client 1 cached result arrived before timeout and sent to client for rid 1
2017-11-22 14:26:58,660 : Configuration 2 Replica 3 Completed Check point proof sent to replica: 2
2017-11-22 14:26:58,660 : Configuration 2 Replica 4: replica 3 -> replica 4signature success 
2017-11-22 14:26:58,660 : Configuration 2 Replica 4: shuttle from replica 3 -> replica 4 is received for slot 7
2017-11-22 14:26:58,660 : Configuration 2 Replica 2 : Replica 3 -> Replica 2 signature success
2017-11-22 14:26:58,660 : Configuration 2 Replica 2 Reshult_shuttle cached for slot 6
2017-11-22 14:26:58,660 : Configuration 2 Replica 4: result shuttle  from tail  -> replica 3 is sent for slot 7
2017-11-22 14:26:58,660 : Configuration 2 Replica 4: result from tail  -> client 0 is sent for slot 7
2017-11-22 14:26:58,660 : Configuration 2 Replica 3 : Replica 4 -> Replica 3 signature success
2017-11-22 14:26:58,675 : Configuration 2 Replica 1 : Replica 2 -> Replica 1 signature success
2017-11-22 14:26:58,675 : Configuration 2 Replica 2 : Replica 2 -> Client 0 cached result arrived before timeout and sent to client for rid 1
2017-11-22 14:26:58,675 : Configuration 2 Replica 3 Reshult_shuttle cached for slot 7
2017-11-22 14:26:58,675 : Configuration 2 Replica 1 Reshult_shuttle cached for slot 6
2017-11-22 14:26:58,675 : Configuration 2 Replica 2: replica 3 -> replica 2signature success 
2017-11-22 14:26:58,675 : Configuration 2 Replica 2 history = {0: ["append('movie',' wars')", 0, 1], 1: ["append('movie',' wars')", 0, 1], 2: ["slice('jedi','0:4')", 1, 1], 3: ["slice('jedi','0:4')", 1, 1], 4: ["slice('jedi','0:4')", 1, 1], 5: ["slice('jedi','0:4')", 1, 1], 6: ["append('movie',' wars')", 0, 1], 7: ["append('movie',' wars')", 0, 2]} slot upto to be del 5 wedged hist {}
2017-11-22 14:26:58,675 : Configuration 2 Replica 2 History Truncated {5: ["slice('jedi','0:4')", 1, 1], 6: ["append('movie',' wars')", 0, 1], 7: ["append('movie',' wars')", 0, 2]}
2017-11-22 14:26:58,675 : Configuration 2 Replica 1 : Replica 1 -> Client 0 cached result arrived before timeout and sent to client for rid 1
2017-11-22 14:26:58,675 : Configuration 2 Replica 2 Completed Check point proof sent to replica: 1
2017-11-22 14:26:58,675 : Configuration 2 Replica 0 : Replica 1 -> Replica 0 signature success
2017-11-22 14:26:58,675 : Configuration 2 Replica 2 : Replica 3 -> Replica 2 signature success
2017-11-22 14:26:58,675 : Configuration 2 Replica 1: replica 2 -> replica 1signature success 
2017-11-22 14:26:58,675 : Configuration 2 Replica 0 Reshult_shuttle cached for slot 6
2017-11-22 14:26:58,675 : Configuration 2 Replica 2 Reshult_shuttle cached for slot 7
2017-11-22 14:26:58,675 : Configuration 2 Replica 0 Reshult_shuttle reached head
2017-11-22 14:26:58,675 : Configuration 2 Replica 1 history = {0: ["append('movie',' wars')", 0, 1], 1: ["append('movie',' wars')", 0, 1], 2: ["slice('jedi','0:4')", 1, 1], 3: ["slice('jedi','0:4')", 1, 1], 4: ["slice('jedi','0:4')", 1, 1], 5: ["slice('jedi','0:4')", 1, 1], 6: ["append('movie',' wars')", 0, 1], 7: ["append('movie',' wars')", 0, 2]} slot upto to be del 5 wedged hist {}
2017-11-22 14:26:58,675 : Configuration 2 Replica 0: Replica 0 has the result shuttle cached before timer expired and sent to Client 0  rid 1
2017-11-22 14:26:58,675 : Configuration 2 Replica 1 History Truncated {5: ["slice('jedi','0:4')", 1, 1], 6: ["append('movie',' wars')", 0, 1], 7: ["append('movie',' wars')", 0, 2]}
2017-11-22 14:26:58,675 : Configuration 2 Replica 0: Replica 0 has the result shuttle cached and sent to Client 0  rid 1
2017-11-22 14:26:58,675 : Configuration 2 Replica 0: Replica 0 has the result shuttle cached and sent to Client 1  rid 1
2017-11-22 14:26:58,691 : Configuration 2 Replica 1 Completed Check point proof sent to replica: 0
2017-11-22 14:26:58,691 : Configuration 2 Replica 0: Replica 0 has the result shuttle cached and sent to Client 1  rid 1
2017-11-22 14:26:58,691 : Configuration 2 Replica 0: Replica 0 has the result shuttle cached and sent to Client 1  rid 1
2017-11-22 14:26:58,691 : Configuration 2 Replica 1 : Replica 2 -> Replica 1 signature success
2017-11-22 14:26:58,691 : Configuration 2 Replica 0: Replica 0 has the result shuttle cached and sent to Client 1  rid 1
2017-11-22 14:26:58,691 : Configuration 2 Replica 1 Reshult_shuttle cached for slot 7
2017-11-22 14:26:58,691 : Configuration 2 Replica 0: Replica 0 has the result shuttle cached and sent to Client 0  rid 1
2017-11-22 14:26:58,691 : Configuration 2 Replica 0: Replica 0 has the result shuttle cached and sent to Client 0  rid 1
2017-11-22 14:26:58,691 :  overall failure is  {}
2017-11-22 14:26:58,691 : Configuration 2 Replica 0:  client 0 -head signature success for rid 3
2017-11-22 14:26:58,691 : Configuration 2 Replica 0:  replica 0 -> replica 1 for slot 8
2017-11-22 14:26:58,707 : Configuration 2 Replica 0: replica 1 -> replica 0signature success 
2017-11-22 14:26:58,707 : Configuration 2 Replica 0 history = {0: ["append('movie',' wars')", 0, 1], 1: ["append('movie',' wars')", 0, 1], 2: ["slice('jedi','0:4')", 1, 1], 3: ["slice('jedi','0:4')", 1, 1], 4: ["slice('jedi','0:4')", 1, 1], 5: ["slice('jedi','0:4')", 1, 1], 6: ["append('movie',' wars')", 0, 1], 7: ["append('movie',' wars')", 0, 2], 8: ["append('movie',' wars')", 0, 3]} slot upto to be del 5 wedged hist {}
2017-11-22 14:26:58,707 : Configuration 2 Replica 0 History Truncated {5: ["slice('jedi','0:4')", 1, 1], 6: ["append('movie',' wars')", 0, 1], 7: ["append('movie',' wars')", 0, 2], 8: ["append('movie',' wars')", 0, 3]}
2017-11-22 14:26:58,707 : Configuration 2 Replica 0 Completed Check point proof reached head
2017-11-22 14:26:58,707 : Configuration 2 Replica 1: replica 0 -> replica 1signature success 
2017-11-22 14:26:58,707 : Configuration 2 Replica 1: shuttle from replica 0 -> replica 1 is received for slot 8
2017-11-22 14:26:58,707 : Configuration 2 Replica 0 : Replica 1 -> Replica 0 signature success
2017-11-22 14:26:58,707 : Configuration 2 Replica 0 Reshult_shuttle cached for slot 7
2017-11-22 14:26:58,707 : Configuration 2 Replica 0 Reshult_shuttle reached head
2017-11-22 14:26:58,707 : Configuration 2 Replica 1: shuttle from replica 1 -> replica 2 is sent for slot 8
2017-11-22 14:26:58,707 : Configuration 2 Replica 2: replica 1 -> replica 2signature success 
2017-11-22 14:26:58,707 : Configuration 2 Replica 2: shuttle from replica 1 -> replica 2 is received for slot 8
2017-11-22 14:26:58,722 : Configuration 2 Replica 2: shuttle from replica 2 -> replica 3 is sent for slot 8
2017-11-22 14:26:58,722 : Configuration 2 Replica 3: replica 2 -> replica 3signature success 
2017-11-22 14:26:58,722 : Configuration 2 Replica 3: shuttle from replica 2 -> replica 3 is received for slot 8
2017-11-22 14:26:58,722 : Configuration 2 Replica 3: shuttle from replica 3 -> replica 4 is sent for slot 8
2017-11-22 14:26:58,722 : Configuration 2 Replica 4: replica 3 -> replica 4signature success 
2017-11-22 14:26:58,722 : Configuration 2 Replica 4: shuttle from replica 3 -> replica 4 is received for slot 8
2017-11-22 14:26:58,738 : Configuration 2 Replica 4: result shuttle  from tail  -> replica 3 is sent for slot 8
2017-11-22 14:26:58,738 : Configuration 2 Replica 4: result from tail  -> client 0 is sent for slot 8
2017-11-22 14:26:58,738 : Configuration 2 Replica 3 : Replica 4 -> Replica 3 signature success
2017-11-22 14:26:58,738 : Configuration 2 Replica 3 Reshult_shuttle cached for slot 8
2017-11-22 14:26:58,738 : Configuration 2 Replica 2 : Replica 3 -> Replica 2 signature success
2017-11-22 14:26:58,738 : Configuration 2 Replica 2 Reshult_shuttle cached for slot 8
2017-11-22 14:26:58,738 : Configuration 2 Replica 1 : Replica 2 -> Replica 1 signature success
2017-11-22 14:26:58,738 : Configuration 2 Replica 1 Reshult_shuttle cached for slot 8
2017-11-22 14:26:58,738 : Configuration 2 Replica 0 : Replica 1 -> Replica 0 signature success
2017-11-22 14:26:58,738 : Configuration 2 Replica 0 Reshult_shuttle cached for slot 8
2017-11-22 14:26:58,738 : Configuration 2 Replica 0 Reshult_shuttle reached head
