2017-11-22 20:49:50,219 : Configuration 0 Olympus : Generated Signature keys for clients
2017-11-22 20:49:50,221 : Configuration 0 Olympus : Generated Signature keys for replicas
2017-11-22 20:49:50,414 : Configuration 0 Olympus received reconfig req from client0 and sent the wedged request to replicas 
2017-11-22 20:49:50,423 : Configuration 0 Olympus received wedged statement from replica  0 with history {0: ["put('movie','star')", 0, 0], 1: ["put('jedi,'luke skywalker)", 1, 0]}
2017-11-22 20:49:50,426 : Configuration 0 Olympus received wedged statement from replica  1 with history {0: ["put('movie','star')", 0, 0], 1: ["put('jedi,'luke skywalker)", 1, 0]}
2017-11-22 20:49:50,428 : Configuration 0 Olympus received wedged statement from replica  3 with history {0: ["put('movie','star')", 0, 0], 1: ["put('jedi,'luke skywalker)", 1, 0]}
2017-11-22 20:49:50,428 : Configuration 0 Olympus :enter history is {0: {0: ["put('movie','star')", 0, 0], 1: ["put('jedi,'luke skywalker)", 1, 0]}, 1: {0: ["put('movie','star')", 0, 0], 1: ["put('jedi,'luke skywalker)", 1, 0]}, 3: {0: ["put('movie','star')", 0, 0], 1: ["put('jedi,'luke skywalker)", 1, 0]}}
2017-11-22 20:49:50,431 : Configuration 0 Olympus received wedged statement from replica  2 with history {0: ["put('movie','star')", 0, 0], 1: ["put('jedi,'luke skywalker)", 1, 0]}
2017-11-22 20:49:50,433 : Configuration 0 Olympus received wedged statement from replica  4 with history {0: ["put('movie','star')", 0, 0], 1: ["put('jedi,'luke skywalker)", 1, 0]}
2017-11-22 20:49:51,435 : Configuration 0 Olympus :lh calculated 
2017-11-22 20:49:51,436 : Configuration 0longest history of comb (<replica:3b006>, <replica:3b005>, <replica:3b007>) is {0: ["put('movie','star')", 0, 0], 1: ["put('jedi,'luke skywalker)", 1, 0]}
2017-11-22 20:49:51,436 : catchup of replica 0is {}
2017-11-22 20:49:51,441 : Configuration 0 Olympus sent catch up msg  0
2017-11-22 20:49:51,442 : catchup of replica 1is {}
2017-11-22 20:49:51,445 : Configuration 0 Olympus sent catch up msg  1
2017-11-22 20:49:51,445 : catchup of replica 3is {}
2017-11-22 20:49:51,447 : Configuration 0 Olympus sent catch up msg  3
2017-11-22 20:49:51,450 : replica  0 with history {0: ["put('movie','star')", 0, 0], 1: ["put('jedi,'luke skywalker)", 1, 0]}
2017-11-22 20:49:51,452 : replica  1 with history {0: ["put('movie','star')", 0, 0], 1: ["put('jedi,'luke skywalker)", 1, 0]}
2017-11-22 20:49:51,454 : replica  2 with history {0: ["put('movie','star')", 0, 0], 1: ["put('jedi,'luke skywalker)", 1, 0]}
2017-11-22 20:49:51,456 : replica  3 with history {0: ["put('movie','star')", 0, 0], 1: ["put('jedi,'luke skywalker)", 1, 0]}
2017-11-22 20:49:51,458 : replica  4 with history {0: ["put('movie','star')", 0, 0], 1: ["put('jedi,'luke skywalker)", 1, 0]}
2017-11-22 20:49:51,459 : Configuration 0 Olympus received caught_up_res from replica  0
2017-11-22 20:49:51,461 : Configuration 0 Olympus ckient_rs is {0: [[b'2689367b205c16ce32ed4200942b8b8b1e262dfc70d9bc9fbc77c49699a4f1df', b'6f6b', 0, 0]], 1: [[b'2689367b205c16ce32ed4200942b8b8b1e262dfc70d9bc9fbc77c49699a4f1df', b'6f6b', 1, 0]]} from replica 0
2017-11-22 20:49:51,462 : Configuration 0 Olympus received caught_up_res from replica  1
2017-11-22 20:49:51,463 : Configuration 0 Olympus ckient_rs is {0: [[b'2689367b205c16ce32ed4200942b8b8b1e262dfc70d9bc9fbc77c49699a4f1df', b'6f6b', 0, 0], [b'2689367b205c16ce32ed4200942b8b8b1e262dfc70d9bc9fbc77c49699a4f1df', b'6f6b', 0, 0]], 1: [[b'2689367b205c16ce32ed4200942b8b8b1e262dfc70d9bc9fbc77c49699a4f1df', b'6f6b', 1, 0], [b'2689367b205c16ce32ed4200942b8b8b1e262dfc70d9bc9fbc77c49699a4f1df', b'6f6b', 1, 0]]} from replica 1
2017-11-22 20:49:51,466 : Configuration 0 Olympus received caught_up_res from replica  3
2017-11-22 20:49:51,466 : Configuration 0 Olympus ckient_rs is {0: [[b'2689367b205c16ce32ed4200942b8b8b1e262dfc70d9bc9fbc77c49699a4f1df', b'6f6b', 0, 0], [b'2689367b205c16ce32ed4200942b8b8b1e262dfc70d9bc9fbc77c49699a4f1df', b'6f6b', 0, 0], [b'2689367b205c16ce32ed4200942b8b8b1e262dfc70d9bc9fbc77c49699a4f1df', b'6f6b', 0, 0]], 1: [[b'2689367b205c16ce32ed4200942b8b8b1e262dfc70d9bc9fbc77c49699a4f1df', b'6f6b', 1, 0], [b'2689367b205c16ce32ed4200942b8b8b1e262dfc70d9bc9fbc77c49699a4f1df', b'6f6b', 1, 0], [b'2689367b205c16ce32ed4200942b8b8b1e262dfc70d9bc9fbc77c49699a4f1df', b'6f6b', 1, 0]]} from replica 3
2017-11-22 20:49:51,468 : Configuration 0 Olympus dict keys are [0, 1, 3]
2017-11-22 20:49:51,469 : Configuration 0 Olympus {'jedi': 'luke skywalker', 'movie': 'star'};{'jedi': 'luke skywalker', 'movie': 'star'}
2017-11-22 20:49:51,469 : Configuration 0 Olympus {'jedi': 'luke skywalker', 'movie': 'star'};{'jedi': 'luke skywalker', 'movie': 'star'}
2017-11-22 20:49:51,470 : Configuration 0 Olympus caught_up_res matched for quorum
2017-11-22 20:49:51,479 : <replica:3b006>   [<replica:3b006>, <replica:3b005>, <replica:3b004>, <replica:3b007>, <replica:3b008>]
2017-11-22 20:49:51,479 : Configuration 0 Olympus received get_running_state_res from replica  0lh rep is 0
2017-11-22 20:49:51,480 : Configuration 0 Olympus received get_running_state_res from replica  0 and they macthed
2017-11-22 20:49:53,823 : Configuration 1 Olympus : new replicas created
2017-11-22 20:49:53,824 : Configuration 1 Olympus : Generated Signature keys for new replicas
2017-11-22 20:49:53,874 : Configuration 1 Olympus : Setup  and started new replicas + client_rs{0: [[b'2689367b205c16ce32ed4200942b8b8b1e262dfc70d9bc9fbc77c49699a4f1df', b'6f6b', 0, 0], [b'2689367b205c16ce32ed4200942b8b8b1e262dfc70d9bc9fbc77c49699a4f1df', b'6f6b', 0, 0], [b'2689367b205c16ce32ed4200942b8b8b1e262dfc70d9bc9fbc77c49699a4f1df', b'6f6b', 0, 0]], 1: [[b'2689367b205c16ce32ed4200942b8b8b1e262dfc70d9bc9fbc77c49699a4f1df', b'6f6b', 1, 0], [b'2689367b205c16ce32ed4200942b8b8b1e262dfc70d9bc9fbc77c49699a4f1df', b'6f6b', 1, 0], [b'2689367b205c16ce32ed4200942b8b8b1e262dfc70d9bc9fbc77c49699a4f1df', b'6f6b', 1, 0]]}
2017-11-22 20:49:53,876 : Configuration 1 Olympus :  new replicas info sent to client
2017-11-22 20:49:53,877 : Configuration 1 Olympus :  new replicas info sent to client
2017-11-22 20:49:53,989 : Parent Client : Final Results check passed for Client : 0
